{"/Users/Ritik/Development/Learning/Mental Wellness/src/components/AnalysisResult.tsx": {"path":"/Users/Ritik/Development/Learning/Mental Wellness/src/components/AnalysisResult.tsx","statementMap":{"0":{"start":{"line":10,"column":2},"end":{"line":32,"column":3}},"1":{"start":{"line":11,"column":4},"end":{"line":31,"column":6}},"2":{"start":{"line":34,"column":2},"end":{"line":132,"column":4}},"3":{"start":{"line":91,"column":18},"end":{"line":91,"column":50}},"4":{"start":{"line":101,"column":18},"end":{"line":101,"column":50}},"5":{"start":{"line":113,"column":16},"end":{"line":113,"column":50}}},"fnMap":{"0":{"name":"AnalysisResult","decl":{"start":{"line":9,"column":9},"end":{"line":9,"column":23}},"loc":{"start":{"line":9,"column":75},"end":{"line":133,"column":1}},"line":9},"1":{"name":"(anonymous_1)","decl":{"start":{"line":90,"column":45},"end":{"line":90,"column":46}},"loc":{"start":{"line":91,"column":18},"end":{"line":91,"column":50}},"line":91},"2":{"name":"(anonymous_2)","decl":{"start":{"line":100,"column":39},"end":{"line":100,"column":40}},"loc":{"start":{"line":101,"column":18},"end":{"line":101,"column":50}},"line":101},"3":{"name":"(anonymous_3)","decl":{"start":{"line":112,"column":45},"end":{"line":112,"column":46}},"loc":{"start":{"line":113,"column":16},"end":{"line":113,"column":50}},"line":113}},"branchMap":{"0":{"loc":{"start":{"line":10,"column":2},"end":{"line":32,"column":3}},"type":"if","locations":[{"start":{"line":10,"column":2},"end":{"line":32,"column":3}},{"start":{},"end":{}}],"line":10},"1":{"loc":{"start":{"line":66,"column":18},"end":{"line":66,"column":68}},"type":"cond-expr","locations":[{"start":{"line":66,"column":50},"end":{"line":66,"column":57}},{"start":{"line":66,"column":60},"end":{"line":66,"column":68}}],"line":66}},"s":{"0":2,"1":1,"2":1,"3":1,"4":1,"5":1},"f":{"0":2,"1":1,"2":1,"3":1},"b":{"0":[1,1],"1":[1,0]},"_coverageSchema":"1a1c01bbd47fc00a2c39e90264f33305004495a9","hash":"7b77899efd205f2ef1feae92a945c3677cb2a3aa"}
,"/Users/Ritik/Development/Learning/Mental Wellness/src/components/CompanionChat.tsx": {"path":"/Users/Ritik/Development/Learning/Mental Wellness/src/components/CompanionChat.tsx","statementMap":{"0":{"start":{"line":16,"column":32},"end":{"line":16,"column":44}},"1":{"start":{"line":17,"column":34},"end":{"line":17,"column":61}},"2":{"start":{"line":18,"column":32},"end":{"line":18,"column":47}},"3":{"start":{"line":19,"column":28},"end":{"line":19,"column":57}},"4":{"start":{"line":20,"column":20},"end":{"line":20,"column":48}},"5":{"start":{"line":22,"column":2},"end":{"line":25,"column":26}},"6":{"start":{"line":23,"column":15},"end":{"line":23,"column":32}},"7":{"start":{"line":24,"column":4},"end":{"line":24,"column":43}},"8":{"start":{"line":24,"column":12},"end":{"line":24,"column":43}},"9":{"start":{"line":27,"column":23},"end":{"line":33,"column":3}},"10":{"start":{"line":29,"column":6},"end":{"line":31,"column":45}},"11":{"start":{"line":35,"column":4},"end":{"line":35,"column":63}},"12":{"start":{"line":36,"column":21},"end":{"line":36,"column":59}},"13":{"start":{"line":38,"column":30},"end":{"line":43,"column":3}},"14":{"start":{"line":40,"column":6},"end":{"line":40,"column":37}},"15":{"start":{"line":45,"column":23},"end":{"line":117,"column":3}},"16":{"start":{"line":47,"column":6},"end":{"line":47,"column":29}},"17":{"start":{"line":48,"column":6},"end":{"line":48,"column":21}},"18":{"start":{"line":49,"column":6},"end":{"line":49,"column":23}},"19":{"start":{"line":51,"column":23},"end":{"line":51,"column":37}},"20":{"start":{"line":52,"column":6},"end":{"line":55,"column":7}},"21":{"start":{"line":53,"column":8},"end":{"line":53,"column":26}},"22":{"start":{"line":54,"column":8},"end":{"line":54,"column":15}},"23":{"start":{"line":56,"column":39},"end":{"line":61,"column":7}},"24":{"start":{"line":62,"column":6},"end":{"line":62,"column":56}},"25":{"start":{"line":62,"column":29},"end":{"line":62,"column":54}},"26":{"start":{"line":63,"column":6},"end":{"line":63,"column":21}},"27":{"start":{"line":65,"column":6},"end":{"line":114,"column":7}},"28":{"start":{"line":66,"column":25},"end":{"line":78,"column":10}},"29":{"start":{"line":72,"column":43},"end":{"line":75,"column":13}},"30":{"start":{"line":80,"column":8},"end":{"line":83,"column":9}},"31":{"start":{"line":81,"column":23},"end":{"line":81,"column":62}},"32":{"start":{"line":81,"column":58},"end":{"line":81,"column":60}},"33":{"start":{"line":82,"column":10},"end":{"line":82,"column":55}},"34":{"start":{"line":84,"column":8},"end":{"line":84,"column":62}},"35":{"start":{"line":84,"column":28},"end":{"line":84,"column":62}},"36":{"start":{"line":87,"column":24},"end":{"line":87,"column":43}},"37":{"start":{"line":88,"column":8},"end":{"line":96,"column":11}},"38":{"start":{"line":88,"column":31},"end":{"line":96,"column":9}},"39":{"start":{"line":98,"column":23},"end":{"line":98,"column":48}},"40":{"start":{"line":99,"column":24},"end":{"line":99,"column":41}},"41":{"start":{"line":100,"column":19},"end":{"line":100,"column":21}},"42":{"start":{"line":102,"column":8},"end":{"line":109,"column":9}},"43":{"start":{"line":103,"column":34},"end":{"line":103,"column":53}},"44":{"start":{"line":104,"column":10},"end":{"line":104,"column":26}},"45":{"start":{"line":104,"column":20},"end":{"line":104,"column":26}},"46":{"start":{"line":105,"column":10},"end":{"line":105,"column":58}},"47":{"start":{"line":106,"column":10},"end":{"line":108,"column":12}},"48":{"start":{"line":107,"column":12},"end":{"line":107,"column":69}},"49":{"start":{"line":107,"column":30},"end":{"line":107,"column":67}},"50":{"start":{"line":111,"column":8},"end":{"line":111,"column":71}},"51":{"start":{"line":113,"column":8},"end":{"line":113,"column":26}},"52":{"start":{"line":119,"column":24},"end":{"line":129,"column":3}},"53":{"start":{"line":121,"column":6},"end":{"line":126,"column":7}},"54":{"start":{"line":122,"column":8},"end":{"line":122,"column":31}},"55":{"start":{"line":123,"column":8},"end":{"line":125,"column":9}},"56":{"start":{"line":124,"column":10},"end":{"line":124,"column":52}},"57":{"start":{"line":131,"column":2},"end":{"line":243,"column":4}},"58":{"start":{"line":164,"column":28},"end":{"line":164,"column":50}},"59":{"start":{"line":165,"column":12},"end":{"line":191,"column":14}}},"fnMap":{"0":{"name":"CompanionChat","decl":{"start":{"line":15,"column":9},"end":{"line":15,"column":22}},"loc":{"start":{"line":15,"column":79},"end":{"line":244,"column":1}},"line":15},"1":{"name":"(anonymous_1)","decl":{"start":{"line":22,"column":12},"end":{"line":22,"column":13}},"loc":{"start":{"line":22,"column":18},"end":{"line":25,"column":3}},"line":22},"2":{"name":"(anonymous_2)","decl":{"start":{"line":28,"column":4},"end":{"line":28,"column":5}},"loc":{"start":{"line":29,"column":6},"end":{"line":31,"column":45}},"line":29},"3":{"name":"(anonymous_3)","decl":{"start":{"line":39,"column":4},"end":{"line":39,"column":5}},"loc":{"start":{"line":39,"column":55},"end":{"line":41,"column":5}},"line":39},"4":{"name":"(anonymous_4)","decl":{"start":{"line":46,"column":4},"end":{"line":46,"column":5}},"loc":{"start":{"line":46,"column":55},"end":{"line":115,"column":5}},"line":46},"5":{"name":"(anonymous_5)","decl":{"start":{"line":62,"column":18},"end":{"line":62,"column":19}},"loc":{"start":{"line":62,"column":29},"end":{"line":62,"column":54}},"line":62},"6":{"name":"(anonymous_6)","decl":{"start":{"line":72,"column":34},"end":{"line":72,"column":35}},"loc":{"start":{"line":72,"column":43},"end":{"line":75,"column":13}},"line":72},"7":{"name":"(anonymous_7)","decl":{"start":{"line":81,"column":51},"end":{"line":81,"column":52}},"loc":{"start":{"line":81,"column":58},"end":{"line":81,"column":60}},"line":81},"8":{"name":"(anonymous_8)","decl":{"start":{"line":88,"column":20},"end":{"line":88,"column":21}},"loc":{"start":{"line":88,"column":31},"end":{"line":96,"column":9}},"line":88},"9":{"name":"(anonymous_9)","decl":{"start":{"line":106,"column":22},"end":{"line":106,"column":23}},"loc":{"start":{"line":107,"column":12},"end":{"line":107,"column":69}},"line":107},"10":{"name":"(anonymous_10)","decl":{"start":{"line":107,"column":24},"end":{"line":107,"column":25}},"loc":{"start":{"line":107,"column":30},"end":{"line":107,"column":67}},"line":107},"11":{"name":"(anonymous_11)","decl":{"start":{"line":120,"column":4},"end":{"line":120,"column":5}},"loc":{"start":{"line":120,"column":57},"end":{"line":127,"column":5}},"line":120},"12":{"name":"(anonymous_12)","decl":{"start":{"line":163,"column":23},"end":{"line":163,"column":24}},"loc":{"start":{"line":163,"column":30},"end":{"line":192,"column":11}},"line":163}},"branchMap":{"0":{"loc":{"start":{"line":24,"column":4},"end":{"line":24,"column":43}},"type":"if","locations":[{"start":{"line":24,"column":4},"end":{"line":24,"column":43}},{"start":{},"end":{}}],"line":24},"1":{"loc":{"start":{"line":35,"column":4},"end":{"line":35,"column":63}},"type":"binary-expr","locations":[{"start":{"line":35,"column":4},"end":{"line":35,"column":11}},{"start":{"line":35,"column":15},"end":{"line":35,"column":63}}],"line":35},"2":{"loc":{"start":{"line":36,"column":21},"end":{"line":36,"column":59}},"type":"binary-expr","locations":[{"start":{"line":36,"column":21},"end":{"line":36,"column":28}},{"start":{"line":36,"column":32},"end":{"line":36,"column":59}}],"line":36},"3":{"loc":{"start":{"line":52,"column":6},"end":{"line":55,"column":7}},"type":"if","locations":[{"start":{"line":52,"column":6},"end":{"line":55,"column":7}},{"start":{},"end":{}}],"line":52},"4":{"loc":{"start":{"line":71,"column":23},"end":{"line":71,"column":51}},"type":"binary-expr","locations":[{"start":{"line":71,"column":23},"end":{"line":71,"column":42}},{"start":{"line":71,"column":46},"end":{"line":71,"column":51}}],"line":71},"5":{"loc":{"start":{"line":80,"column":8},"end":{"line":83,"column":9}},"type":"if","locations":[{"start":{"line":80,"column":8},"end":{"line":83,"column":9}},{"start":{},"end":{}}],"line":80},"6":{"loc":{"start":{"line":82,"column":26},"end":{"line":82,"column":53}},"type":"binary-expr","locations":[{"start":{"line":82,"column":26},"end":{"line":82,"column":36}},{"start":{"line":82,"column":40},"end":{"line":82,"column":53}}],"line":82},"7":{"loc":{"start":{"line":84,"column":8},"end":{"line":84,"column":62}},"type":"if","locations":[{"start":{"line":84,"column":8},"end":{"line":84,"column":62}},{"start":{},"end":{}}],"line":84},"8":{"loc":{"start":{"line":104,"column":10},"end":{"line":104,"column":26}},"type":"if","locations":[{"start":{"line":104,"column":10},"end":{"line":104,"column":26}},{"start":{},"end":{}}],"line":104},"9":{"loc":{"start":{"line":107,"column":30},"end":{"line":107,"column":67}},"type":"cond-expr","locations":[{"start":{"line":107,"column":49},"end":{"line":107,"column":63}},{"start":{"line":107,"column":66},"end":{"line":107,"column":67}}],"line":107},"10":{"loc":{"start":{"line":111,"column":17},"end":{"line":111,"column":69}},"type":"cond-expr","locations":[{"start":{"line":111,"column":40},"end":{"line":111,"column":51}},{"start":{"line":111,"column":54},"end":{"line":111,"column":69}}],"line":111},"11":{"loc":{"start":{"line":121,"column":6},"end":{"line":126,"column":7}},"type":"if","locations":[{"start":{"line":121,"column":6},"end":{"line":126,"column":7}},{"start":{},"end":{}}],"line":121},"12":{"loc":{"start":{"line":121,"column":10},"end":{"line":121,"column":50}},"type":"binary-expr","locations":[{"start":{"line":121,"column":10},"end":{"line":121,"column":31}},{"start":{"line":121,"column":35},"end":{"line":121,"column":50}}],"line":121},"13":{"loc":{"start":{"line":123,"column":8},"end":{"line":125,"column":9}},"type":"if","locations":[{"start":{"line":123,"column":8},"end":{"line":125,"column":9}},{"start":{},"end":{}}],"line":123},"14":{"loc":{"start":{"line":158,"column":9},"end":{"line":193,"column":9}},"type":"cond-expr","locations":[{"start":{"line":159,"column":10},"end":{"line":161,"column":14}},{"start":{"line":163,"column":10},"end":{"line":192,"column":12}}],"line":158},"15":{"loc":{"start":{"line":168,"column":35},"end":{"line":168,"column":76}},"type":"cond-expr","locations":[{"start":{"line":168,"column":45},"end":{"line":168,"column":60}},{"start":{"line":168,"column":63},"end":{"line":168,"column":76}}],"line":168},"16":{"loc":{"start":{"line":172,"column":20},"end":{"line":174,"column":109}},"type":"cond-expr","locations":[{"start":{"line":173,"column":24},"end":{"line":173,"column":95}},{"start":{"line":174,"column":24},"end":{"line":174,"column":109}}],"line":172},"17":{"loc":{"start":{"line":178,"column":88},"end":{"line":178,"column":133}},"type":"cond-expr","locations":[{"start":{"line":178,"column":98},"end":{"line":178,"column":115}},{"start":{"line":178,"column":118},"end":{"line":178,"column":133}}],"line":178},"18":{"loc":{"start":{"line":180,"column":21},"end":{"line":180,"column":46}},"type":"cond-expr","locations":[{"start":{"line":180,"column":31},"end":{"line":180,"column":38}},{"start":{"line":180,"column":41},"end":{"line":180,"column":46}}],"line":180},"19":{"loc":{"start":{"line":182,"column":19},"end":{"line":188,"column":19}},"type":"cond-expr","locations":[{"start":{"line":183,"column":20},"end":{"line":185,"column":27}},{"start":{"line":187,"column":20},"end":{"line":187,"column":74}}],"line":182},"20":{"loc":{"start":{"line":182,"column":19},"end":{"line":182,"column":45}},"type":"binary-expr","locations":[{"start":{"line":182,"column":19},"end":{"line":182,"column":26}},{"start":{"line":182,"column":30},"end":{"line":182,"column":45}}],"line":182},"21":{"loc":{"start":{"line":194,"column":9},"end":{"line":200,"column":16}},"type":"cond-expr","locations":[{"start":{"line":195,"column":10},"end":{"line":199,"column":16}},{"start":{"line":200,"column":12},"end":{"line":200,"column":16}}],"line":194},"22":{"loc":{"start":{"line":230,"column":11},"end":{"line":230,"column":45}},"type":"cond-expr","locations":[{"start":{"line":230,"column":21},"end":{"line":230,"column":36}},{"start":{"line":230,"column":39},"end":{"line":230,"column":45}}],"line":230},"23":{"loc":{"start":{"line":234,"column":7},"end":{"line":241,"column":14}},"type":"cond-expr","locations":[{"start":{"line":235,"column":8},"end":{"line":240,"column":12}},{"start":{"line":241,"column":10},"end":{"line":241,"column":14}}],"line":234}},"s":{"0":0,"1":0,"2":0,"3":0,"4":0,"5":0,"6":0,"7":0,"8":0,"9":0,"10":0,"11":0,"12":0,"13":0,"14":0,"15":0,"16":0,"17":0,"18":0,"19":0,"20":0,"21":0,"22":0,"23":0,"24":0,"25":0,"26":0,"27":0,"28":0,"29":0,"30":0,"31":0,"32":0,"33":0,"34":0,"35":0,"36":0,"37":0,"38":0,"39":0,"40":0,"41":0,"42":0,"43":0,"44":0,"45":0,"46":0,"47":0,"48":0,"49":0,"50":0,"51":0,"52":0,"53":0,"54":0,"55":0,"56":0,"57":0,"58":0,"59":0},"f":{"0":0,"1":0,"2":0,"3":0,"4":0,"5":0,"6":0,"7":0,"8":0,"9":0,"10":0,"11":0,"12":0},"b":{"0":[0,0],"1":[0,0],"2":[0,0],"3":[0,0],"4":[0,0],"5":[0,0],"6":[0,0],"7":[0,0],"8":[0,0],"9":[0,0],"10":[0,0],"11":[0,0],"12":[0,0],"13":[0,0],"14":[0,0],"15":[0,0],"16":[0,0],"17":[0,0],"18":[0,0],"19":[0,0],"20":[0,0],"21":[0,0],"22":[0,0],"23":[0,0]}}
,"/Users/Ritik/Development/Learning/Mental Wellness/src/components/CopingStrategies.tsx": {"path":"/Users/Ritik/Development/Learning/Mental Wellness/src/components/CopingStrategies.tsx","statementMap":{"0":{"start":{"line":5,"column":19},"end":{"line":51,"column":1}},"1":{"start":{"line":54,"column":28},"end":{"line":64,"column":14}},"2":{"start":{"line":56,"column":6},"end":{"line":60,"column":30}},"3":{"start":{"line":61,"column":17},"end":{"line":61,"column":74}},"4":{"start":{"line":61,"column":45},"end":{"line":61,"column":73}},"5":{"start":{"line":62,"column":17},"end":{"line":62,"column":76}},"6":{"start":{"line":62,"column":47},"end":{"line":62,"column":75}},"7":{"start":{"line":63,"column":4},"end":{"line":63,"column":47}},"8":{"start":{"line":66,"column":2},"end":{"line":92,"column":4}},"9":{"start":{"line":78,"column":10},"end":{"line":88,"column":16}},"10":{"start":{"line":85,"column":16},"end":{"line":85,"column":42}}},"fnMap":{"0":{"name":"CopingStrategies","decl":{"start":{"line":53,"column":9},"end":{"line":53,"column":25}},"loc":{"start":{"line":53,"column":58},"end":{"line":93,"column":1}},"line":53},"1":{"name":"(anonymous_1)","decl":{"start":{"line":54,"column":36},"end":{"line":54,"column":37}},"loc":{"start":{"line":54,"column":42},"end":{"line":64,"column":3}},"line":54},"2":{"name":"(anonymous_2)","decl":{"start":{"line":61,"column":33},"end":{"line":61,"column":34}},"loc":{"start":{"line":61,"column":45},"end":{"line":61,"column":73}},"line":61},"3":{"name":"(anonymous_3)","decl":{"start":{"line":62,"column":35},"end":{"line":62,"column":36}},"loc":{"start":{"line":62,"column":47},"end":{"line":62,"column":75}},"line":62},"4":{"name":"(anonymous_4)","decl":{"start":{"line":77,"column":31},"end":{"line":77,"column":32}},"loc":{"start":{"line":78,"column":10},"end":{"line":88,"column":16}},"line":78},"5":{"name":"(anonymous_5)","decl":{"start":{"line":84,"column":34},"end":{"line":84,"column":35}},"loc":{"start":{"line":85,"column":16},"end":{"line":85,"column":42}},"line":85}},"branchMap":{"0":{"loc":{"start":{"line":56,"column":6},"end":{"line":60,"column":30}},"type":"cond-expr","locations":[{"start":{"line":57,"column":10},"end":{"line":57,"column":31}},{"start":{"line":58,"column":10},"end":{"line":60,"column":30}}],"line":56},"1":{"loc":{"start":{"line":58,"column":10},"end":{"line":60,"column":30}},"type":"cond-expr","locations":[{"start":{"line":59,"column":12},"end":{"line":59,"column":30}},{"start":{"line":60,"column":12},"end":{"line":60,"column":30}}],"line":58},"2":{"loc":{"start":{"line":63,"column":11},"end":{"line":63,"column":46}},"type":"cond-expr","locations":[{"start":{"line":63,"column":18},"end":{"line":63,"column":33}},{"start":{"line":63,"column":36},"end":{"line":63,"column":46}}],"line":63}},"s":{"0":0,"1":0,"2":0,"3":0,"4":0,"5":0,"6":0,"7":0,"8":0,"9":0,"10":0},"f":{"0":0,"1":0,"2":0,"3":0,"4":0,"5":0},"b":{"0":[0,0],"1":[0,0],"2":[0,0]}}
,"/Users/Ritik/Development/Learning/Mental Wellness/src/components/ErrorBoundary.tsx": {"path":"/Users/Ritik/Development/Learning/Mental Wellness/src/components/ErrorBoundary.tsx","statementMap":{"0":{"start":{"line":25,"column":30},"end":{"line":25,"column":49}},"1":{"start":{"line":28,"column":4},"end":{"line":28,"column":30}},"2":{"start":{"line":32,"column":4},"end":{"line":32,"column":74}},"3":{"start":{"line":35,"column":33},"end":{"line":37,"column":3}},"4":{"start":{"line":36,"column":4},"end":{"line":36,"column":39}},"5":{"start":{"line":40,"column":4},"end":{"line":59,"column":5}},"6":{"start":{"line":41,"column":6},"end":{"line":41,"column":72}},"7":{"start":{"line":41,"column":45},"end":{"line":41,"column":72}},"8":{"start":{"line":42,"column":6},"end":{"line":58,"column":8}},"9":{"start":{"line":60,"column":4},"end":{"line":60,"column":31}}},"fnMap":{"0":{"name":"(anonymous_0)","decl":{"start":{"line":27,"column":2},"end":{"line":27,"column":3}},"loc":{"start":{"line":27,"column":56},"end":{"line":29,"column":3}},"line":27},"1":{"name":"(anonymous_1)","decl":{"start":{"line":31,"column":2},"end":{"line":31,"column":3}},"loc":{"start":{"line":31,"column":57},"end":{"line":33,"column":3}},"line":31},"2":{"name":"(anonymous_2)","decl":{"start":{"line":35,"column":33},"end":{"line":35,"column":34}},"loc":{"start":{"line":35,"column":45},"end":{"line":37,"column":3}},"line":35},"3":{"name":"(anonymous_3)","decl":{"start":{"line":39,"column":2},"end":{"line":39,"column":3}},"loc":{"start":{"line":39,"column":22},"end":{"line":61,"column":3}},"line":39}},"branchMap":{"0":{"loc":{"start":{"line":40,"column":4},"end":{"line":59,"column":5}},"type":"if","locations":[{"start":{"line":40,"column":4},"end":{"line":59,"column":5}},{"start":{},"end":{}}],"line":40},"1":{"loc":{"start":{"line":41,"column":6},"end":{"line":41,"column":72}},"type":"if","locations":[{"start":{"line":41,"column":6},"end":{"line":41,"column":72}},{"start":{},"end":{}}],"line":41}},"s":{"0":7,"1":6,"2":3,"3":7,"4":0,"5":13,"6":6,"7":2,"8":4,"9":7},"f":{"0":6,"1":3,"2":0,"3":13},"b":{"0":[6,7],"1":[2,4]},"_coverageSchema":"1a1c01bbd47fc00a2c39e90264f33305004495a9","hash":"d0cbcd9e85d2d81dd492cbf0136e577ea01f9683"}
,"/Users/Ritik/Development/Learning/Mental Wellness/src/components/Header.tsx": {"path":"/Users/Ritik/Development/Learning/Mental Wellness/src/components/Header.tsx","statementMap":{"0":{"start":{"line":19,"column":2},"end":{"line":70,"column":4}}},"fnMap":{"0":{"name":"Header","decl":{"start":{"line":18,"column":9},"end":{"line":18,"column":15}},"loc":{"start":{"line":18,"column":77},"end":{"line":71,"column":1}},"line":18}},"branchMap":{"0":{"loc":{"start":{"line":30,"column":9},"end":{"line":30,"column":56}},"type":"cond-expr","locations":[{"start":{"line":30,"column":19},"end":{"line":30,"column":41}},{"start":{"line":30,"column":44},"end":{"line":30,"column":56}}],"line":30},"1":{"loc":{"start":{"line":63,"column":13},"end":{"line":63,"column":73}},"type":"cond-expr","locations":[{"start":{"line":63,"column":23},"end":{"line":63,"column":54}},{"start":{"line":63,"column":57},"end":{"line":63,"column":73}}],"line":63}},"s":{"0":0},"f":{"0":0},"b":{"0":[0,0],"1":[0,0]}}
,"/Users/Ritik/Development/Learning/Mental Wellness/src/components/JournalForm.tsx": {"path":"/Users/Ritik/Development/Learning/Mental Wellness/src/components/JournalForm.tsx","statementMap":{"0":{"start":{"line":16,"column":22},"end":{"line":16,"column":74}},"1":{"start":{"line":17,"column":62},"end":{"line":24,"column":1}},"2":{"start":{"line":41,"column":26},"end":{"line":41,"column":37}},"3":{"start":{"line":42,"column":30},"end":{"line":42,"column":41}},"4":{"start":{"line":43,"column":38},"end":{"line":43,"column":49}},"5":{"start":{"line":44,"column":32},"end":{"line":44,"column":44}},"6":{"start":{"line":45,"column":42},"end":{"line":45,"column":54}},"7":{"start":{"line":46,"column":32},"end":{"line":46,"column":47}},"8":{"start":{"line":47,"column":28},"end":{"line":47,"column":57}},"9":{"start":{"line":48,"column":22},"end":{"line":48,"column":72}},"10":{"start":{"line":50,"column":21},"end":{"line":53,"column":3}},"11":{"start":{"line":51,"column":10},"end":{"line":51,"column":63}},"12":{"start":{"line":54,"column":20},"end":{"line":69,"column":3}},"13":{"start":{"line":56,"column":6},"end":{"line":67,"column":8}},"14":{"start":{"line":57,"column":22},"end":{"line":57,"column":53}},"15":{"start":{"line":58,"column":8},"end":{"line":66,"column":10}},"16":{"start":{"line":70,"column":16},"end":{"line":73,"column":3}},"17":{"start":{"line":71,"column":10},"end":{"line":71,"column":40}},"18":{"start":{"line":74,"column":24},"end":{"line":77,"column":3}},"19":{"start":{"line":75,"column":10},"end":{"line":75,"column":38}},"20":{"start":{"line":79,"column":2},"end":{"line":81,"column":41}},"21":{"start":{"line":80,"column":4},"end":{"line":80,"column":37}},"22":{"start":{"line":83,"column":2},"end":{"line":88,"column":4}},"23":{"start":{"line":84,"column":10},"end":{"line":86,"column":5}},"24":{"start":{"line":85,"column":6},"end":{"line":85,"column":65}},"25":{"start":{"line":85,"column":31},"end":{"line":85,"column":65}},"26":{"start":{"line":90,"column":30},"end":{"line":98,"column":3}},"27":{"start":{"line":92,"column":24},"end":{"line":92,"column":42}},"28":{"start":{"line":93,"column":6},"end":{"line":93,"column":33}},"29":{"start":{"line":94,"column":6},"end":{"line":94,"column":65}},"30":{"start":{"line":94,"column":31},"end":{"line":94,"column":65}},"31":{"start":{"line":95,"column":6},"end":{"line":95,"column":73}},"32":{"start":{"line":95,"column":45},"end":{"line":95,"column":66}},"33":{"start":{"line":100,"column":27},"end":{"line":102,"column":8}},"34":{"start":{"line":101,"column":4},"end":{"line":101,"column":22}},"35":{"start":{"line":104,"column":23},"end":{"line":166,"column":3}},"36":{"start":{"line":106,"column":6},"end":{"line":106,"column":29}},"37":{"start":{"line":107,"column":6},"end":{"line":107,"column":21}},"38":{"start":{"line":108,"column":6},"end":{"line":108,"column":23}},"39":{"start":{"line":109,"column":26},"end":{"line":109,"column":45}},"40":{"start":{"line":111,"column":6},"end":{"line":154,"column":7}},"41":{"start":{"line":112,"column":25},"end":{"line":124,"column":10}},"42":{"start":{"line":126,"column":8},"end":{"line":129,"column":9}},"43":{"start":{"line":127,"column":23},"end":{"line":127,"column":44}},"44":{"start":{"line":128,"column":10},"end":{"line":128,"column":62}},"45":{"start":{"line":131,"column":21},"end":{"line":131,"column":42}},"46":{"start":{"line":132,"column":23},"end":{"line":132,"column":34}},"47":{"start":{"line":133,"column":8},"end":{"line":133,"column":27}},"48":{"start":{"line":135,"column":36},"end":{"line":143,"column":9}},"49":{"start":{"line":145,"column":28},"end":{"line":145,"column":44}},"50":{"start":{"line":146,"column":8},"end":{"line":146,"column":35}},"51":{"start":{"line":147,"column":8},"end":{"line":147,"column":23}},"52":{"start":{"line":148,"column":8},"end":{"line":148,"column":28}},"53":{"start":{"line":150,"column":8},"end":{"line":150,"column":71}},"54":{"start":{"line":151,"column":8},"end":{"line":151,"column":25}},"55":{"start":{"line":153,"column":8},"end":{"line":153,"column":26}},"56":{"start":{"line":168,"column":2},"end":{"line":284,"column":4}},"57":{"start":{"line":199,"column":29},"end":{"line":199,"column":66}},"58":{"start":{"line":232,"column":29},"end":{"line":232,"column":62}}},"fnMap":{"0":{"name":"JournalForm","decl":{"start":{"line":34,"column":9},"end":{"line":34,"column":20}},"loc":{"start":{"line":40,"column":21},"end":{"line":285,"column":1}},"line":40},"1":{"name":"(anonymous_1)","decl":{"start":{"line":51,"column":4},"end":{"line":51,"column":5}},"loc":{"start":{"line":51,"column":10},"end":{"line":51,"column":63}},"line":51},"2":{"name":"(anonymous_2)","decl":{"start":{"line":55,"column":4},"end":{"line":55,"column":5}},"loc":{"start":{"line":56,"column":6},"end":{"line":67,"column":8}},"line":56},"3":{"name":"(anonymous_3)","decl":{"start":{"line":56,"column":41},"end":{"line":56,"column":42}},"loc":{"start":{"line":56,"column":55},"end":{"line":67,"column":7}},"line":56},"4":{"name":"(anonymous_4)","decl":{"start":{"line":71,"column":4},"end":{"line":71,"column":5}},"loc":{"start":{"line":71,"column":10},"end":{"line":71,"column":40}},"line":71},"5":{"name":"(anonymous_5)","decl":{"start":{"line":75,"column":4},"end":{"line":75,"column":5}},"loc":{"start":{"line":75,"column":10},"end":{"line":75,"column":38}},"line":75},"6":{"name":"(anonymous_6)","decl":{"start":{"line":79,"column":12},"end":{"line":79,"column":13}},"loc":{"start":{"line":79,"column":18},"end":{"line":81,"column":3}},"line":79},"7":{"name":"(anonymous_7)","decl":{"start":{"line":84,"column":4},"end":{"line":84,"column":5}},"loc":{"start":{"line":84,"column":10},"end":{"line":86,"column":5}},"line":84},"8":{"name":"(anonymous_8)","decl":{"start":{"line":84,"column":10},"end":{"line":84,"column":11}},"loc":{"start":{"line":84,"column":16},"end":{"line":86,"column":5}},"line":84},"9":{"name":"(anonymous_9)","decl":{"start":{"line":91,"column":4},"end":{"line":91,"column":5}},"loc":{"start":{"line":91,"column":55},"end":{"line":96,"column":5}},"line":91},"10":{"name":"(anonymous_10)","decl":{"start":{"line":95,"column":39},"end":{"line":95,"column":40}},"loc":{"start":{"line":95,"column":45},"end":{"line":95,"column":66}},"line":95},"11":{"name":"(anonymous_11)","decl":{"start":{"line":100,"column":39},"end":{"line":100,"column":40}},"loc":{"start":{"line":100,"column":61},"end":{"line":102,"column":3}},"line":100},"12":{"name":"(anonymous_12)","decl":{"start":{"line":105,"column":4},"end":{"line":105,"column":5}},"loc":{"start":{"line":105,"column":55},"end":{"line":155,"column":5}},"line":105},"13":{"name":"(anonymous_13)","decl":{"start":{"line":199,"column":24},"end":{"line":199,"column":25}},"loc":{"start":{"line":199,"column":29},"end":{"line":199,"column":66}},"line":199},"14":{"name":"(anonymous_14)","decl":{"start":{"line":232,"column":24},"end":{"line":232,"column":25}},"loc":{"start":{"line":232,"column":29},"end":{"line":232,"column":62}},"line":232}},"branchMap":{"0":{"loc":{"start":{"line":51,"column":10},"end":{"line":51,"column":63}},"type":"binary-expr","locations":[{"start":{"line":51,"column":10},"end":{"line":51,"column":17}},{"start":{"line":51,"column":21},"end":{"line":51,"column":63}}],"line":51},"1":{"loc":{"start":{"line":60,"column":12},"end":{"line":63,"column":27}},"type":"binary-expr","locations":[{"start":{"line":60,"column":12},"end":{"line":60,"column":36}},{"start":{"line":61,"column":12},"end":{"line":63,"column":27}}],"line":60},"2":{"loc":{"start":{"line":64,"column":16},"end":{"line":64,"column":35}},"type":"binary-expr","locations":[{"start":{"line":64,"column":16},"end":{"line":64,"column":27}},{"start":{"line":64,"column":31},"end":{"line":64,"column":35}}],"line":64},"3":{"loc":{"start":{"line":65,"column":18},"end":{"line":65,"column":41}},"type":"binary-expr","locations":[{"start":{"line":65,"column":18},"end":{"line":65,"column":31}},{"start":{"line":65,"column":35},"end":{"line":65,"column":41}}],"line":65},"4":{"loc":{"start":{"line":85,"column":6},"end":{"line":85,"column":65}},"type":"if","locations":[{"start":{"line":85,"column":6},"end":{"line":85,"column":65}},{"start":{},"end":{}}],"line":85},"5":{"loc":{"start":{"line":94,"column":6},"end":{"line":94,"column":65}},"type":"if","locations":[{"start":{"line":94,"column":6},"end":{"line":94,"column":65}},{"start":{},"end":{}}],"line":94},"6":{"loc":{"start":{"line":126,"column":8},"end":{"line":129,"column":9}},"type":"if","locations":[{"start":{"line":126,"column":8},"end":{"line":129,"column":9}},{"start":{},"end":{}}],"line":126},"7":{"loc":{"start":{"line":128,"column":26},"end":{"line":128,"column":60}},"type":"binary-expr","locations":[{"start":{"line":128,"column":26},"end":{"line":128,"column":36}},{"start":{"line":128,"column":40},"end":{"line":128,"column":60}}],"line":128},"8":{"loc":{"start":{"line":150,"column":17},"end":{"line":150,"column":69}},"type":"cond-expr","locations":[{"start":{"line":150,"column":40},"end":{"line":150,"column":51}},{"start":{"line":150,"column":54},"end":{"line":150,"column":69}}],"line":150},"9":{"loc":{"start":{"line":258,"column":36},"end":{"line":258,"column":112}},"type":"cond-expr","locations":[{"start":{"line":258,"column":65},"end":{"line":258,"column":93}},{"start":{"line":258,"column":96},"end":{"line":258,"column":112}}],"line":258},"10":{"loc":{"start":{"line":265,"column":9},"end":{"line":272,"column":16}},"type":"cond-expr","locations":[{"start":{"line":266,"column":10},"end":{"line":271,"column":14}},{"start":{"line":272,"column":12},"end":{"line":272,"column":16}}],"line":265},"11":{"loc":{"start":{"line":280,"column":11},"end":{"line":280,"column":58}},"type":"cond-expr","locations":[{"start":{"line":280,"column":21},"end":{"line":280,"column":36}},{"start":{"line":280,"column":39},"end":{"line":280,"column":58}}],"line":280}},"s":{"0":1,"1":1,"2":4,"3":4,"4":4,"5":4,"6":4,"7":4,"8":4,"9":4,"10":4,"11":3,"12":4,"13":2,"14":14,"15":14,"16":4,"17":2,"18":4,"19":2,"20":4,"21":2,"22":4,"23":2,"24":2,"25":1,"26":4,"27":1,"28":1,"29":1,"30":0,"31":1,"32":1,"33":4,"34":0,"35":4,"36":0,"37":0,"38":0,"39":0,"40":0,"41":0,"42":0,"43":0,"44":0,"45":0,"46":0,"47":0,"48":0,"49":0,"50":0,"51":0,"52":0,"53":0,"54":0,"55":0,"56":4,"57":0,"58":0},"f":{"0":4,"1":3,"2":2,"3":14,"4":2,"5":2,"6":2,"7":2,"8":2,"9":1,"10":1,"11":0,"12":0,"13":0,"14":0},"b":{"0":[3,3],"1":[14,14],"2":[14,14],"3":[14,14],"4":[1,1],"5":[0,1],"6":[0,0],"7":[0,0],"8":[0,0],"9":[0,4],"10":[0,4],"11":[0,4]},"_coverageSchema":"1a1c01bbd47fc00a2c39e90264f33305004495a9","hash":"3d6f9793a4df98355417f3874ea67a375fdda630"}
,"/Users/Ritik/Development/Learning/Mental Wellness/src/components/MoodSelector.tsx": {"path":"/Users/Ritik/Development/Learning/Mental Wellness/src/components/MoodSelector.tsx","statementMap":{"0":{"start":{"line":11,"column":37},"end":{"line":17,"column":1}},"1":{"start":{"line":26,"column":24},"end":{"line":40,"column":3}},"2":{"start":{"line":28,"column":6},"end":{"line":32,"column":7}},"3":{"start":{"line":29,"column":8},"end":{"line":29,"column":31}},"4":{"start":{"line":30,"column":21},"end":{"line":30,"column":54}},"5":{"start":{"line":31,"column":8},"end":{"line":31,"column":39}},"6":{"start":{"line":31,"column":18},"end":{"line":31,"column":39}},"7":{"start":{"line":33,"column":6},"end":{"line":37,"column":7}},"8":{"start":{"line":34,"column":8},"end":{"line":34,"column":31}},"9":{"start":{"line":35,"column":21},"end":{"line":35,"column":69}},"10":{"start":{"line":36,"column":8},"end":{"line":36,"column":39}},"11":{"start":{"line":36,"column":18},"end":{"line":36,"column":39}},"12":{"start":{"line":42,"column":2},"end":{"line":77,"column":4}},"13":{"start":{"line":50,"column":25},"end":{"line":50,"column":47}},"14":{"start":{"line":51,"column":8},"end":{"line":74,"column":10}},"15":{"start":{"line":59,"column":27},"end":{"line":59,"column":49}},"16":{"start":{"line":60,"column":32},"end":{"line":60,"column":59}}},"fnMap":{"0":{"name":"MoodSelector","decl":{"start":{"line":25,"column":9},"end":{"line":25,"column":21}},"loc":{"start":{"line":25,"column":75},"end":{"line":78,"column":1}},"line":25},"1":{"name":"(anonymous_1)","decl":{"start":{"line":27,"column":4},"end":{"line":27,"column":5}},"loc":{"start":{"line":27,"column":51},"end":{"line":38,"column":5}},"line":27},"2":{"name":"(anonymous_2)","decl":{"start":{"line":49,"column":17},"end":{"line":49,"column":18}},"loc":{"start":{"line":49,"column":36},"end":{"line":75,"column":7}},"line":49},"3":{"name":"(anonymous_3)","decl":{"start":{"line":59,"column":21},"end":{"line":59,"column":22}},"loc":{"start":{"line":59,"column":27},"end":{"line":59,"column":49}},"line":59},"4":{"name":"(anonymous_4)","decl":{"start":{"line":60,"column":23},"end":{"line":60,"column":24}},"loc":{"start":{"line":60,"column":32},"end":{"line":60,"column":59}},"line":60}},"branchMap":{"0":{"loc":{"start":{"line":28,"column":6},"end":{"line":32,"column":7}},"type":"if","locations":[{"start":{"line":28,"column":6},"end":{"line":32,"column":7}},{"start":{},"end":{}}],"line":28},"1":{"loc":{"start":{"line":28,"column":10},"end":{"line":28,"column":65}},"type":"binary-expr","locations":[{"start":{"line":28,"column":10},"end":{"line":28,"column":36}},{"start":{"line":28,"column":40},"end":{"line":28,"column":65}}],"line":28},"2":{"loc":{"start":{"line":31,"column":8},"end":{"line":31,"column":39}},"type":"if","locations":[{"start":{"line":31,"column":8},"end":{"line":31,"column":39}},{"start":{},"end":{}}],"line":31},"3":{"loc":{"start":{"line":33,"column":6},"end":{"line":37,"column":7}},"type":"if","locations":[{"start":{"line":33,"column":6},"end":{"line":37,"column":7}},{"start":{},"end":{}}],"line":33},"4":{"loc":{"start":{"line":33,"column":10},"end":{"line":33,"column":62}},"type":"binary-expr","locations":[{"start":{"line":33,"column":10},"end":{"line":33,"column":35}},{"start":{"line":33,"column":39},"end":{"line":33,"column":62}}],"line":33},"5":{"loc":{"start":{"line":36,"column":8},"end":{"line":36,"column":39}},"type":"if","locations":[{"start":{"line":36,"column":8},"end":{"line":36,"column":39}},{"start":{},"end":{}}],"line":36},"6":{"loc":{"start":{"line":46,"column":11},"end":{"line":46,"column":65}},"type":"cond-expr","locations":[{"start":{"line":46,"column":25},"end":{"line":46,"column":60}},{"start":{"line":46,"column":63},"end":{"line":46,"column":65}}],"line":46},"7":{"loc":{"start":{"line":58,"column":22},"end":{"line":58,"column":73}},"type":"cond-expr","locations":[{"start":{"line":58,"column":67},"end":{"line":58,"column":68}},{"start":{"line":58,"column":71},"end":{"line":58,"column":73}}],"line":58},"8":{"loc":{"start":{"line":58,"column":22},"end":{"line":58,"column":64}},"type":"binary-expr","locations":[{"start":{"line":58,"column":22},"end":{"line":58,"column":30}},{"start":{"line":58,"column":35},"end":{"line":58,"column":48}},{"start":{"line":58,"column":52},"end":{"line":58,"column":63}}],"line":58},"9":{"loc":{"start":{"line":62,"column":14},"end":{"line":64,"column":102}},"type":"cond-expr","locations":[{"start":{"line":63,"column":18},"end":{"line":63,"column":108}},{"start":{"line":64,"column":18},"end":{"line":64,"column":102}}],"line":62}},"s":{"0":2,"1":3,"2":0,"3":0,"4":0,"5":0,"6":0,"7":0,"8":0,"9":0,"10":0,"11":0,"12":3,"13":15,"14":15,"15":1,"16":0},"f":{"0":3,"1":0,"2":15,"3":1,"4":0},"b":{"0":[0,0],"1":[0,0],"2":[0,0],"3":[0,0],"4":[0,0],"5":[0,0],"6":[2,1],"7":[3,12],"8":[15,12,0],"9":[3,12]},"_coverageSchema":"1a1c01bbd47fc00a2c39e90264f33305004495a9","hash":"1e1664a516b5fd46bb9d0f8605fccd40910ff3e7"}
,"/Users/Ritik/Development/Learning/Mental Wellness/src/components/Onboarding.tsx": {"path":"/Users/Ritik/Development/Learning/Mental Wellness/src/components/Onboarding.tsx","statementMap":{"0":{"start":{"line":9,"column":44},"end":{"line":9,"column":79}},"1":{"start":{"line":10,"column":20},"end":{"line":10,"column":21}},"2":{"start":{"line":21,"column":26},"end":{"line":21,"column":37}},"3":{"start":{"line":22,"column":26},"end":{"line":22,"column":38}},"4":{"start":{"line":23,"column":34},"end":{"line":23,"column":60}},"5":{"start":{"line":24,"column":34},"end":{"line":24,"column":46}},"6":{"start":{"line":25,"column":32},"end":{"line":25,"column":66}},"7":{"start":{"line":26,"column":21},"end":{"line":26,"column":53}},"8":{"start":{"line":29,"column":4},"end":{"line":31,"column":14}},"9":{"start":{"line":33,"column":21},"end":{"line":46,"column":59}},"10":{"start":{"line":34,"column":4},"end":{"line":37,"column":5}},"11":{"start":{"line":35,"column":6},"end":{"line":35,"column":26}},"12":{"start":{"line":35,"column":19},"end":{"line":35,"column":24}},"13":{"start":{"line":36,"column":6},"end":{"line":36,"column":13}},"14":{"start":{"line":38,"column":33},"end":{"line":43,"column":5}},"15":{"start":{"line":44,"column":4},"end":{"line":44,"column":25}},"16":{"start":{"line":45,"column":4},"end":{"line":45,"column":24}},"17":{"start":{"line":48,"column":21},"end":{"line":48,"column":76}},"18":{"start":{"line":48,"column":39},"end":{"line":48,"column":71}},"19":{"start":{"line":48,"column":52},"end":{"line":48,"column":70}},"20":{"start":{"line":50,"column":2},"end":{"line":52,"column":13}},"21":{"start":{"line":51,"column":4},"end":{"line":51,"column":32}},"22":{"start":{"line":54,"column":2},"end":{"line":170,"column":4}},"23":{"start":{"line":82,"column":29},"end":{"line":82,"column":52}},"24":{"start":{"line":95,"column":31},"end":{"line":95,"column":70}},"25":{"start":{"line":99,"column":18},"end":{"line":101,"column":27}},"26":{"start":{"line":111,"column":31},"end":{"line":111,"column":58}},"27":{"start":{"line":125,"column":16},"end":{"line":142,"column":24}},"28":{"start":{"line":138,"column":36},"end":{"line":138,"column":54}}},"fnMap":{"0":{"name":"Onboarding","decl":{"start":{"line":20,"column":24},"end":{"line":20,"column":34}},"loc":{"start":{"line":20,"column":68},"end":{"line":171,"column":1}},"line":20},"1":{"name":"(anonymous_1)","decl":{"start":{"line":33,"column":33},"end":{"line":33,"column":34}},"loc":{"start":{"line":33,"column":39},"end":{"line":46,"column":3}},"line":33},"2":{"name":"(anonymous_2)","decl":{"start":{"line":35,"column":14},"end":{"line":35,"column":15}},"loc":{"start":{"line":35,"column":19},"end":{"line":35,"column":24}},"line":35},"3":{"name":"(anonymous_3)","decl":{"start":{"line":48,"column":33},"end":{"line":48,"column":34}},"loc":{"start":{"line":48,"column":39},"end":{"line":48,"column":71}},"line":48},"4":{"name":"(anonymous_4)","decl":{"start":{"line":48,"column":47},"end":{"line":48,"column":48}},"loc":{"start":{"line":48,"column":52},"end":{"line":48,"column":70}},"line":48},"5":{"name":"(anonymous_5)","decl":{"start":{"line":50,"column":12},"end":{"line":50,"column":13}},"loc":{"start":{"line":50,"column":18},"end":{"line":52,"column":3}},"line":50},"6":{"name":"(anonymous_6)","decl":{"start":{"line":82,"column":24},"end":{"line":82,"column":25}},"loc":{"start":{"line":82,"column":29},"end":{"line":82,"column":52}},"line":82},"7":{"name":"(anonymous_7)","decl":{"start":{"line":95,"column":26},"end":{"line":95,"column":27}},"loc":{"start":{"line":95,"column":31},"end":{"line":95,"column":70}},"line":95},"8":{"name":"(anonymous_8)","decl":{"start":{"line":98,"column":32},"end":{"line":98,"column":33}},"loc":{"start":{"line":99,"column":18},"end":{"line":101,"column":27}},"line":99},"9":{"name":"(anonymous_9)","decl":{"start":{"line":111,"column":26},"end":{"line":111,"column":27}},"loc":{"start":{"line":111,"column":31},"end":{"line":111,"column":58}},"line":111},"10":{"name":"(anonymous_10)","decl":{"start":{"line":124,"column":28},"end":{"line":124,"column":29}},"loc":{"start":{"line":125,"column":16},"end":{"line":142,"column":24}},"line":125},"11":{"name":"(anonymous_11)","decl":{"start":{"line":138,"column":30},"end":{"line":138,"column":31}},"loc":{"start":{"line":138,"column":36},"end":{"line":138,"column":54}},"line":138}},"branchMap":{"0":{"loc":{"start":{"line":29,"column":4},"end":{"line":31,"column":14}},"type":"binary-expr","locations":[{"start":{"line":29,"column":5},"end":{"line":29,"column":15}},{"start":{"line":29,"column":19},"end":{"line":29,"column":41}},{"start":{"line":30,"column":5},"end":{"line":30,"column":15}},{"start":{"line":30,"column":19},"end":{"line":30,"column":38}},{"start":{"line":31,"column":4},"end":{"line":31,"column":14}}],"line":29},"1":{"loc":{"start":{"line":34,"column":4},"end":{"line":37,"column":5}},"type":"if","locations":[{"start":{"line":34,"column":4},"end":{"line":37,"column":5}},{"start":{},"end":{}}],"line":34},"2":{"loc":{"start":{"line":74,"column":9},"end":{"line":87,"column":16}},"type":"cond-expr","locations":[{"start":{"line":75,"column":10},"end":{"line":86,"column":18}},{"start":{"line":87,"column":12},"end":{"line":87,"column":16}}],"line":74},"3":{"loc":{"start":{"line":89,"column":9},"end":{"line":116,"column":16}},"type":"cond-expr","locations":[{"start":{"line":90,"column":10},"end":{"line":115,"column":16}},{"start":{"line":116,"column":12},"end":{"line":116,"column":16}}],"line":89},"4":{"loc":{"start":{"line":118,"column":9},"end":{"line":146,"column":16}},"type":"cond-expr","locations":[{"start":{"line":119,"column":10},"end":{"line":145,"column":21}},{"start":{"line":146,"column":12},"end":{"line":146,"column":16}}],"line":118},"5":{"loc":{"start":{"line":128,"column":20},"end":{"line":130,"column":93}},"type":"cond-expr","locations":[{"start":{"line":129,"column":24},"end":{"line":129,"column":72}},{"start":{"line":130,"column":24},"end":{"line":130,"column":93}}],"line":128},"6":{"loc":{"start":{"line":163,"column":13},"end":{"line":165,"column":36}},"type":"cond-expr","locations":[{"start":{"line":164,"column":16},"end":{"line":164,"column":38}},{"start":{"line":165,"column":16},"end":{"line":165,"column":36}}],"line":163}},"s":{"0":0,"1":0,"2":0,"3":0,"4":0,"5":0,"6":0,"7":0,"8":0,"9":0,"10":0,"11":0,"12":0,"13":0,"14":0,"15":0,"16":0,"17":0,"18":0,"19":0,"20":0,"21":0,"22":0,"23":0,"24":0,"25":0,"26":0,"27":0,"28":0},"f":{"0":0,"1":0,"2":0,"3":0,"4":0,"5":0,"6":0,"7":0,"8":0,"9":0,"10":0,"11":0},"b":{"0":[0,0,0,0,0],"1":[0,0],"2":[0,0],"3":[0,0],"4":[0,0],"5":[0,0],"6":[0,0]}}
,"/Users/Ritik/Development/Learning/Mental Wellness/src/components/PatternChart.tsx": {"path":"/Users/Ritik/Development/Learning/Mental Wellness/src/components/PatternChart.tsx","statementMap":{"0":{"start":{"line":7,"column":20},"end":{"line":7,"column":23}},"1":{"start":{"line":8,"column":21},"end":{"line":8,"column":24}},"2":{"start":{"line":11,"column":2},"end":{"line":11,"column":37}},"3":{"start":{"line":11,"column":27},"end":{"line":11,"column":37}},"4":{"start":{"line":12,"column":2},"end":{"line":21,"column":15}},"5":{"start":{"line":15,"column":8},"end":{"line":17,"column":55}},"6":{"start":{"line":18,"column":16},"end":{"line":18,"column":63}},"7":{"start":{"line":19,"column":6},"end":{"line":19,"column":25}},"8":{"start":{"line":26,"column":4},"end":{"line":35,"column":17}},"9":{"start":{"line":27,"column":20},"end":{"line":27,"column":49}},"10":{"start":{"line":28,"column":6},"end":{"line":34,"column":8}},"11":{"start":{"line":30,"column":39},"end":{"line":30,"column":49}},"12":{"start":{"line":31,"column":41},"end":{"line":31,"column":53}},"13":{"start":{"line":32,"column":52},"end":{"line":32,"column":62}},"14":{"start":{"line":33,"column":54},"end":{"line":33,"column":66}},"15":{"start":{"line":37,"column":2},"end":{"line":171,"column":4}},"16":{"start":{"line":69,"column":16},"end":{"line":77,"column":18}},"17":{"start":{"line":152,"column":18},"end":{"line":163,"column":23}}},"fnMap":{"0":{"name":"toPolyline","decl":{"start":{"line":10,"column":9},"end":{"line":10,"column":19}},"loc":{"start":{"line":10,"column":46},"end":{"line":22,"column":1}},"line":10},"1":{"name":"(anonymous_1)","decl":{"start":{"line":13,"column":9},"end":{"line":13,"column":10}},"loc":{"start":{"line":13,"column":27},"end":{"line":20,"column":5}},"line":13},"2":{"name":"PatternChart","decl":{"start":{"line":24,"column":9},"end":{"line":24,"column":21}},"loc":{"start":{"line":24,"column":64},"end":{"line":172,"column":1}},"line":24},"3":{"name":"(anonymous_3)","decl":{"start":{"line":26,"column":12},"end":{"line":26,"column":13}},"loc":{"start":{"line":26,"column":18},"end":{"line":35,"column":5}},"line":26},"4":{"name":"(anonymous_4)","decl":{"start":{"line":30,"column":30},"end":{"line":30,"column":31}},"loc":{"start":{"line":30,"column":39},"end":{"line":30,"column":49}},"line":30},"5":{"name":"(anonymous_5)","decl":{"start":{"line":31,"column":32},"end":{"line":31,"column":33}},"loc":{"start":{"line":31,"column":41},"end":{"line":31,"column":53}},"line":31},"6":{"name":"(anonymous_6)","decl":{"start":{"line":32,"column":43},"end":{"line":32,"column":44}},"loc":{"start":{"line":32,"column":52},"end":{"line":32,"column":62}},"line":32},"7":{"name":"(anonymous_7)","decl":{"start":{"line":33,"column":45},"end":{"line":33,"column":46}},"loc":{"start":{"line":33,"column":54},"end":{"line":33,"column":66}},"line":33},"8":{"name":"(anonymous_8)","decl":{"start":{"line":68,"column":29},"end":{"line":68,"column":30}},"loc":{"start":{"line":69,"column":16},"end":{"line":77,"column":18}},"line":69},"9":{"name":"(anonymous_9)","decl":{"start":{"line":151,"column":28},"end":{"line":151,"column":29}},"loc":{"start":{"line":152,"column":18},"end":{"line":163,"column":23}},"line":152}},"branchMap":{"0":{"loc":{"start":{"line":11,"column":2},"end":{"line":11,"column":37}},"type":"if","locations":[{"start":{"line":11,"column":2},"end":{"line":11,"column":37}},{"start":{},"end":{}}],"line":11},"1":{"loc":{"start":{"line":15,"column":8},"end":{"line":17,"column":55}},"type":"cond-expr","locations":[{"start":{"line":16,"column":12},"end":{"line":16,"column":27}},{"start":{"line":17,"column":12},"end":{"line":17,"column":55}}],"line":15},"2":{"loc":{"start":{"line":46,"column":7},"end":{"line":169,"column":7}},"type":"cond-expr","locations":[{"start":{"line":47,"column":8},"end":{"line":55,"column":14}},{"start":{"line":57,"column":8},"end":{"line":168,"column":14}}],"line":46},"3":{"loc":{"start":{"line":112,"column":19},"end":{"line":112,"column":59}},"type":"binary-expr","locations":[{"start":{"line":112,"column":19},"end":{"line":112,"column":52}},{"start":{"line":112,"column":56},"end":{"line":112,"column":59}}],"line":112},"4":{"loc":{"start":{"line":119,"column":32},"end":{"line":119,"column":70}},"type":"binary-expr","locations":[{"start":{"line":119,"column":32},"end":{"line":119,"column":65}},{"start":{"line":119,"column":69},"end":{"line":119,"column":70}}],"line":119},"5":{"loc":{"start":{"line":128,"column":19},"end":{"line":128,"column":63}},"type":"binary-expr","locations":[{"start":{"line":128,"column":19},"end":{"line":128,"column":56}},{"start":{"line":128,"column":60},"end":{"line":128,"column":63}}],"line":128},"6":{"loc":{"start":{"line":135,"column":32},"end":{"line":135,"column":74}},"type":"binary-expr","locations":[{"start":{"line":135,"column":32},"end":{"line":135,"column":69}},{"start":{"line":135,"column":73},"end":{"line":135,"column":74}}],"line":135}},"s":{"0":1,"1":1,"2":4,"3":2,"4":2,"5":4,"6":4,"7":4,"8":2,"9":2,"10":2,"11":2,"12":2,"13":2,"14":2,"15":2,"16":3,"17":2},"f":{"0":4,"1":4,"2":2,"3":2,"4":2,"5":2,"6":2,"7":2,"8":3,"9":2},"b":{"0":[2,2],"1":[0,4],"2":[1,1],"3":[1,0],"4":[1,0],"5":[1,0],"6":[1,0]},"_coverageSchema":"1a1c01bbd47fc00a2c39e90264f33305004495a9","hash":"35b1bc7687d4ffeb6521c569e74500b9ed216e21"}
,"/Users/Ritik/Development/Learning/Mental Wellness/src/components/ui/Badge.tsx": {"path":"/Users/Ritik/Development/Learning/Mental Wellness/src/components/ui/Badge.tsx","statementMap":{"0":{"start":{"line":3,"column":38},"end":{"line":7,"column":1}},"1":{"start":{"line":11,"column":4},"end":{"line":12,"column":51}},"2":{"start":{"line":13,"column":2},"end":{"line":20,"column":4}}},"fnMap":{"0":{"name":"Badge","decl":{"start":{"line":9,"column":9},"end":{"line":9,"column":14}},"loc":{"start":{"line":9,"column":45},"end":{"line":21,"column":1}},"line":9}},"branchMap":{"0":{"loc":{"start":{"line":11,"column":4},"end":{"line":12,"column":51}},"type":"binary-expr","locations":[{"start":{"line":11,"column":4},"end":{"line":11,"column":30}},{"start":{"line":12,"column":4},"end":{"line":12,"column":51}}],"line":11}},"s":{"0":2,"1":5,"2":5},"f":{"0":5},"b":{"0":[5,1]},"_coverageSchema":"1a1c01bbd47fc00a2c39e90264f33305004495a9","hash":"777cb6a5ee57148706dc8587f1a1e37ad0983dbd"}
,"/Users/Ritik/Development/Learning/Mental Wellness/src/components/ui/Card.tsx": {"path":"/Users/Ritik/Development/Learning/Mental Wellness/src/components/ui/Card.tsx","statementMap":{"0":{"start":{"line":2,"column":2},"end":{"line":6,"column":4}}},"fnMap":{"0":{"name":"Card","decl":{"start":{"line":1,"column":24},"end":{"line":1,"column":28}},"loc":{"start":{"line":1,"column":74},"end":{"line":7,"column":1}},"line":1}},"branchMap":{},"s":{"0":2},"f":{"0":2},"b":{},"_coverageSchema":"1a1c01bbd47fc00a2c39e90264f33305004495a9","hash":"69cc7c2a412aa21273c8d9aaa2acb9335077d713"}
,"/Users/Ritik/Development/Learning/Mental Wellness/src/components/ui/LoadingDots.tsx": {"path":"/Users/Ritik/Development/Learning/Mental Wellness/src/components/ui/LoadingDots.tsx","statementMap":{"0":{"start":{"line":4,"column":2},"end":{"line":11,"column":4}}},"fnMap":{"0":{"name":"LoadingDots","decl":{"start":{"line":3,"column":24},"end":{"line":3,"column":35}},"loc":{"start":{"line":3,"column":38},"end":{"line":12,"column":1}},"line":3}},"branchMap":{},"s":{"0":0},"f":{"0":0},"b":{},"_coverageSchema":"1a1c01bbd47fc00a2c39e90264f33305004495a9","hash":"aaf6a15e2d0fe8ae3f97ad00dba497bdfbc61069"}
,"/Users/Ritik/Development/Learning/Mental Wellness/src/components/ui/ProgressBar.tsx": {"path":"/Users/Ritik/Development/Learning/Mental Wellness/src/components/ui/ProgressBar.tsx","statementMap":{"0":{"start":{"line":22,"column":18},"end":{"line":22,"column":44}},"1":{"start":{"line":23,"column":18},"end":{"line":23,"column":42}},"2":{"start":{"line":24,"column":14},"end":{"line":24,"column":39}},"3":{"start":{"line":25,"column":2},"end":{"line":40,"column":4}}},"fnMap":{"0":{"name":"ProgressBar","decl":{"start":{"line":16,"column":9},"end":{"line":16,"column":20}},"loc":{"start":{"line":21,"column":21},"end":{"line":41,"column":1}},"line":21}},"branchMap":{"0":{"loc":{"start":{"line":18,"column":2},"end":{"line":18,"column":17}},"type":"default-arg","locations":[{"start":{"line":18,"column":8},"end":{"line":18,"column":17}}],"line":18},"1":{"loc":{"start":{"line":20,"column":2},"end":{"line":20,"column":43}},"type":"default-arg","locations":[{"start":{"line":20,"column":14},"end":{"line":20,"column":43}}],"line":20},"2":{"loc":{"start":{"line":22,"column":18},"end":{"line":22,"column":44}},"type":"cond-expr","locations":[{"start":{"line":22,"column":29},"end":{"line":22,"column":38}},{"start":{"line":22,"column":41},"end":{"line":22,"column":44}}],"line":22}},"s":{"0":0,"1":0,"2":0,"3":0},"f":{"0":0},"b":{"0":[0],"1":[0],"2":[0,0]}}
,"/Users/Ritik/Development/Learning/Mental Wellness/src/lib/constants.ts": {"path":"/Users/Ritik/Development/Learning/Mental Wellness/src/lib/constants.ts","statementMap":{"0":{"start":{"line":4,"column":28},"end":{"line":4,"column":46}},"1":{"start":{"line":8,"column":2},"end":{"line":8,"column":59}},"2":{"start":{"line":11,"column":28},"end":{"line":11,"column":40}},"3":{"start":{"line":14,"column":47},"end":{"line":21,"column":10}},"4":{"start":{"line":24,"column":24},"end":{"line":24,"column":25}},"5":{"start":{"line":25,"column":24},"end":{"line":25,"column":25}},"6":{"start":{"line":28,"column":26},"end":{"line":28,"column":27}},"7":{"start":{"line":29,"column":26},"end":{"line":29,"column":27}},"8":{"start":{"line":32,"column":31},"end":{"line":32,"column":32}},"9":{"start":{"line":33,"column":31},"end":{"line":33,"column":33}},"10":{"start":{"line":36,"column":34},"end":{"line":36,"column":36}},"11":{"start":{"line":37,"column":34},"end":{"line":37,"column":38}},"12":{"start":{"line":40,"column":34},"end":{"line":40,"column":37}},"13":{"start":{"line":43,"column":32},"end":{"line":43,"column":34}},"14":{"start":{"line":46,"column":35},"end":{"line":46,"column":37}},"15":{"start":{"line":49,"column":31},"end":{"line":49,"column":34}},"16":{"start":{"line":52,"column":26},"end":{"line":52,"column":27}},"17":{"start":{"line":55,"column":35},"end":{"line":55,"column":36}},"18":{"start":{"line":58,"column":34},"end":{"line":58,"column":36}},"19":{"start":{"line":61,"column":30},"end":{"line":61,"column":36}},"20":{"start":{"line":62,"column":34},"end":{"line":62,"column":36}},"21":{"start":{"line":63,"column":31},"end":{"line":63,"column":33}},"22":{"start":{"line":66,"column":30},"end":{"line":66,"column":36}},"23":{"start":{"line":69,"column":27},"end":{"line":69,"column":30}},"24":{"start":{"line":72,"column":26},"end":{"line":72,"column":36}},"25":{"start":{"line":75,"column":27},"end":{"line":75,"column":30}},"26":{"start":{"line":76,"column":29},"end":{"line":76,"column":32}},"27":{"start":{"line":79,"column":25},"end":{"line":79,"column":26}},"28":{"start":{"line":80,"column":25},"end":{"line":80,"column":28}}},"fnMap":{},"branchMap":{},"s":{"0":12,"1":12,"2":12,"3":12,"4":12,"5":12,"6":12,"7":12,"8":12,"9":12,"10":12,"11":12,"12":12,"13":12,"14":12,"15":12,"16":12,"17":12,"18":12,"19":12,"20":12,"21":12,"22":12,"23":12,"24":12,"25":12,"26":12,"27":12,"28":12},"f":{},"b":{},"_coverageSchema":"1a1c01bbd47fc00a2c39e90264f33305004495a9","hash":"4035eb38f701d583b9897754d2d184abb263a70b"}
,"/Users/Ritik/Development/Learning/Mental Wellness/src/lib/copy.ts": {"path":"/Users/Ritik/Development/Learning/Mental Wellness/src/lib/copy.ts","statementMap":{"0":{"start":{"line":5,"column":20},"end":{"line":70,"column":10}}},"fnMap":{},"branchMap":{},"s":{"0":2},"f":{},"b":{},"_coverageSchema":"1a1c01bbd47fc00a2c39e90264f33305004495a9","hash":"d8ab9c5f6d0beecb2381e021b36d8ccce00b117a"}
,"/Users/Ritik/Development/Learning/Mental Wellness/src/lib/gemini.ts": {"path":"/Users/Ritik/Development/Learning/Mental Wellness/src/lib/gemini.ts","statementMap":{"0":{"start":{"line":11,"column":4},"end":{"line":11,"column":19}},"1":{"start":{"line":12,"column":4},"end":{"line":12,"column":30}},"2":{"start":{"line":13,"column":4},"end":{"line":13,"column":25}},"3":{"start":{"line":18,"column":14},"end":{"line":18,"column":40}},"4":{"start":{"line":19,"column":2},"end":{"line":19,"column":54}},"5":{"start":{"line":19,"column":12},"end":{"line":19,"column":54}},"6":{"start":{"line":20,"column":2},"end":{"line":20,"column":13}},"7":{"start":{"line":25,"column":14},"end":{"line":25,"column":35}},"8":{"start":{"line":26,"column":16},"end":{"line":26,"column":46}},"9":{"start":{"line":27,"column":2},"end":{"line":31,"column":3}},"10":{"start":{"line":28,"column":4},"end":{"line":28,"column":57}},"11":{"start":{"line":32,"column":2},"end":{"line":35,"column":3}},"12":{"start":{"line":33,"column":4},"end":{"line":34,"column":125}},"13":{"start":{"line":36,"column":2},"end":{"line":36,"column":51}},"14":{"start":{"line":40,"column":14},"end":{"line":40,"column":60}},"15":{"start":{"line":41,"column":2},"end":{"line":41,"column":69}},"16":{"start":{"line":50,"column":2},"end":{"line":52,"column":4}},"17":{"start":{"line":51,"column":51},"end":{"line":51,"column":63}},"18":{"start":{"line":59,"column":19},"end":{"line":71,"column":4}},"19":{"start":{"line":73,"column":2},"end":{"line":75,"column":3}},"20":{"start":{"line":74,"column":4},"end":{"line":74,"column":40}},"21":{"start":{"line":77,"column":2},"end":{"line":77,"column":52}},"22":{"start":{"line":83,"column":15},"end":{"line":85,"column":4}},"23":{"start":{"line":86,"column":15},"end":{"line":86,"column":32}},"24":{"start":{"line":88,"column":2},"end":{"line":92,"column":3}},"25":{"start":{"line":89,"column":4},"end":{"line":89,"column":30}},"26":{"start":{"line":91,"column":4},"end":{"line":91,"column":54}},"27":{"start":{"line":93,"column":2},"end":{"line":95,"column":3}},"28":{"start":{"line":94,"column":4},"end":{"line":94,"column":68}},"29":{"start":{"line":96,"column":2},"end":{"line":96,"column":16}},"30":{"start":{"line":106,"column":18},"end":{"line":106,"column":35}},"31":{"start":{"line":107,"column":18},"end":{"line":107,"column":35}},"32":{"start":{"line":108,"column":15},"end":{"line":108,"column":17}},"33":{"start":{"line":110,"column":15},"end":{"line":119,"column":3}},"34":{"start":{"line":111,"column":20},"end":{"line":111,"column":53}},"35":{"start":{"line":112,"column":4},"end":{"line":112,"column":49}},"36":{"start":{"line":112,"column":42},"end":{"line":112,"column":49}},"37":{"start":{"line":113,"column":4},"end":{"line":118,"column":5}},"38":{"start":{"line":114,"column":19},"end":{"line":114,"column":69}},"39":{"start":{"line":115,"column":6},"end":{"line":115,"column":57}},"40":{"start":{"line":115,"column":16},"end":{"line":115,"column":57}},"41":{"start":{"line":121,"column":20},"end":{"line":133,"column":4}},"42":{"start":{"line":123,"column":6},"end":{"line":123,"column":56}},"43":{"start":{"line":124,"column":20},"end":{"line":124,"column":38}},"44":{"start":{"line":125,"column":6},"end":{"line":125,"column":33}},"45":{"start":{"line":126,"column":6},"end":{"line":128,"column":7}},"46":{"start":{"line":127,"column":8},"end":{"line":127,"column":61}},"47":{"start":{"line":127,"column":38},"end":{"line":127,"column":61}},"48":{"start":{"line":131,"column":6},"end":{"line":131,"column":63}},"49":{"start":{"line":131,"column":38},"end":{"line":131,"column":63}},"50":{"start":{"line":135,"column":2},"end":{"line":135,"column":39}},"51":{"start":{"line":139,"column":19},"end":{"line":153,"column":4}},"52":{"start":{"line":155,"column":2},"end":{"line":157,"column":3}},"53":{"start":{"line":156,"column":4},"end":{"line":156,"column":40}},"54":{"start":{"line":159,"column":2},"end":{"line":159,"column":40}}},"fnMap":{"0":{"name":"(anonymous_0)","decl":{"start":{"line":10,"column":2},"end":{"line":10,"column":3}},"loc":{"start":{"line":10,"column":47},"end":{"line":14,"column":3}},"line":10},"1":{"name":"getApiKey","decl":{"start":{"line":17,"column":9},"end":{"line":17,"column":18}},"loc":{"start":{"line":17,"column":21},"end":{"line":21,"column":1}},"line":17},"2":{"name":"toGeminiError","decl":{"start":{"line":24,"column":15},"end":{"line":24,"column":28}},"loc":{"start":{"line":24,"column":71},"end":{"line":37,"column":1}},"line":24},"3":{"name":"endpoint","decl":{"start":{"line":39,"column":9},"end":{"line":39,"column":17}},"loc":{"start":{"line":39,"column":71},"end":{"line":42,"column":1}},"line":39},"4":{"name":"extractText","decl":{"start":{"line":49,"column":9},"end":{"line":49,"column":20}},"loc":{"start":{"line":49,"column":51},"end":{"line":53,"column":1}},"line":49},"5":{"name":"(anonymous_5)","decl":{"start":{"line":51,"column":46},"end":{"line":51,"column":47}},"loc":{"start":{"line":51,"column":51},"end":{"line":51,"column":63}},"line":51},"6":{"name":"callGemini","decl":{"start":{"line":55,"column":22},"end":{"line":55,"column":32}},"loc":{"start":{"line":58,"column":2},"end":{"line":78,"column":1}},"line":58},"7":{"name":"analyzeWithGemini","decl":{"start":{"line":80,"column":22},"end":{"line":80,"column":39}},"loc":{"start":{"line":82,"column":27},"end":{"line":97,"column":1}},"line":82},"8":{"name":"sseToTextStream","decl":{"start":{"line":103,"column":16},"end":{"line":103,"column":31}},"loc":{"start":{"line":105,"column":30},"end":{"line":136,"column":1}},"line":105},"9":{"name":"(anonymous_9)","decl":{"start":{"line":110,"column":15},"end":{"line":110,"column":16}},"loc":{"start":{"line":110,"column":79},"end":{"line":119,"column":3}},"line":110},"10":{"name":"(anonymous_10)","decl":{"start":{"line":122,"column":4},"end":{"line":122,"column":5}},"loc":{"start":{"line":122,"column":33},"end":{"line":129,"column":5}},"line":122},"11":{"name":"(anonymous_11)","decl":{"start":{"line":130,"column":4},"end":{"line":130,"column":5}},"loc":{"start":{"line":130,"column":22},"end":{"line":132,"column":5}},"line":130},"12":{"name":"streamGemini","decl":{"start":{"line":138,"column":22},"end":{"line":138,"column":34}},"loc":{"start":{"line":138,"column":56},"end":{"line":160,"column":1}},"line":138}},"branchMap":{"0":{"loc":{"start":{"line":19,"column":2},"end":{"line":19,"column":54}},"type":"if","locations":[{"start":{"line":19,"column":2},"end":{"line":19,"column":54}},{"start":{},"end":{}}],"line":19},"1":{"loc":{"start":{"line":26,"column":16},"end":{"line":26,"column":46}},"type":"binary-expr","locations":[{"start":{"line":26,"column":16},"end":{"line":26,"column":19}},{"start":{"line":26,"column":23},"end":{"line":26,"column":46}}],"line":26},"2":{"loc":{"start":{"line":28,"column":14},"end":{"line":28,"column":56}},"type":"binary-expr","locations":[{"start":{"line":28,"column":14},"end":{"line":28,"column":45}},{"start":{"line":28,"column":49},"end":{"line":28,"column":56}}],"line":28},"3":{"loc":{"start":{"line":32,"column":2},"end":{"line":35,"column":3}},"type":"if","locations":[{"start":{"line":32,"column":2},"end":{"line":35,"column":3}},{"start":{},"end":{}}],"line":32},"4":{"loc":{"start":{"line":41,"column":9},"end":{"line":41,"column":68}},"type":"cond-expr","locations":[{"start":{"line":41,"column":46},"end":{"line":41,"column":62}},{"start":{"line":41,"column":65},"end":{"line":41,"column":68}}],"line":41},"5":{"loc":{"start":{"line":51,"column":4},"end":{"line":51,"column":79}},"type":"binary-expr","locations":[{"start":{"line":51,"column":4},"end":{"line":51,"column":73}},{"start":{"line":51,"column":77},"end":{"line":51,"column":79}}],"line":51},"6":{"loc":{"start":{"line":51,"column":51},"end":{"line":51,"column":63}},"type":"binary-expr","locations":[{"start":{"line":51,"column":51},"end":{"line":51,"column":57}},{"start":{"line":51,"column":61},"end":{"line":51,"column":63}}],"line":51},"7":{"loc":{"start":{"line":57,"column":2},"end":{"line":57,"column":34}},"type":"default-arg","locations":[{"start":{"line":57,"column":32},"end":{"line":57,"column":34}}],"line":57},"8":{"loc":{"start":{"line":67,"column":24},"end":{"line":69,"column":19}},"type":"cond-expr","locations":[{"start":{"line":68,"column":10},"end":{"line":68,"column":50}},{"start":{"line":69,"column":10},"end":{"line":69,"column":19}}],"line":67},"9":{"loc":{"start":{"line":73,"column":2},"end":{"line":75,"column":3}},"type":"if","locations":[{"start":{"line":73,"column":2},"end":{"line":75,"column":3}},{"start":{},"end":{}}],"line":73},"10":{"loc":{"start":{"line":93,"column":2},"end":{"line":95,"column":3}},"type":"if","locations":[{"start":{"line":93,"column":2},"end":{"line":95,"column":3}},{"start":{},"end":{}}],"line":93},"11":{"loc":{"start":{"line":112,"column":4},"end":{"line":112,"column":49}},"type":"if","locations":[{"start":{"line":112,"column":4},"end":{"line":112,"column":49}},{"start":{},"end":{}}],"line":112},"12":{"loc":{"start":{"line":112,"column":8},"end":{"line":112,"column":40}},"type":"binary-expr","locations":[{"start":{"line":112,"column":8},"end":{"line":112,"column":16}},{"start":{"line":112,"column":20},"end":{"line":112,"column":40}}],"line":112},"13":{"loc":{"start":{"line":115,"column":6},"end":{"line":115,"column":57}},"type":"if","locations":[{"start":{"line":115,"column":6},"end":{"line":115,"column":57}},{"start":{},"end":{}}],"line":115},"14":{"loc":{"start":{"line":125,"column":15},"end":{"line":125,"column":32}},"type":"binary-expr","locations":[{"start":{"line":125,"column":15},"end":{"line":125,"column":26}},{"start":{"line":125,"column":30},"end":{"line":125,"column":32}}],"line":125},"15":{"loc":{"start":{"line":127,"column":8},"end":{"line":127,"column":61}},"type":"if","locations":[{"start":{"line":127,"column":8},"end":{"line":127,"column":61}},{"start":{},"end":{}}],"line":127},"16":{"loc":{"start":{"line":131,"column":6},"end":{"line":131,"column":63}},"type":"if","locations":[{"start":{"line":131,"column":6},"end":{"line":131,"column":63}},{"start":{},"end":{}}],"line":131},"17":{"loc":{"start":{"line":155,"column":2},"end":{"line":157,"column":3}},"type":"if","locations":[{"start":{"line":155,"column":2},"end":{"line":157,"column":3}},{"start":{},"end":{}}],"line":155},"18":{"loc":{"start":{"line":155,"column":6},"end":{"line":155,"column":36}},"type":"binary-expr","locations":[{"start":{"line":155,"column":6},"end":{"line":155,"column":18}},{"start":{"line":155,"column":22},"end":{"line":155,"column":36}}],"line":155}},"s":{"0":0,"1":0,"2":0,"3":0,"4":0,"5":0,"6":0,"7":0,"8":0,"9":0,"10":0,"11":0,"12":0,"13":0,"14":0,"15":0,"16":3,"17":3,"18":0,"19":0,"20":0,"21":0,"22":0,"23":0,"24":0,"25":0,"26":0,"27":0,"28":0,"29":0,"30":3,"31":3,"32":3,"33":3,"34":5,"35":5,"36":1,"37":4,"38":4,"39":3,"40":3,"41":3,"42":7,"43":7,"44":7,"45":7,"46":12,"47":5,"48":3,"49":0,"50":3,"51":0,"52":0,"53":0,"54":0},"f":{"0":0,"1":0,"2":0,"3":0,"4":3,"5":3,"6":0,"7":0,"8":3,"9":5,"10":7,"11":3,"12":0},"b":{"0":[0,0],"1":[0,0],"2":[0,0],"3":[0,0],"4":[0,0],"5":[3,0],"6":[3,0],"7":[0],"8":[0,0],"9":[0,0],"10":[0,0],"11":[1,4],"12":[5,5],"13":[3,0],"14":[7,0],"15":[5,7],"16":[0,3],"17":[0,0],"18":[0,0]},"_coverageSchema":"1a1c01bbd47fc00a2c39e90264f33305004495a9","hash":"0aa10b36fefa069e9b59a17d8a876cfde3fb1a70"}
,"/Users/Ritik/Development/Learning/Mental Wellness/src/lib/guards.ts": {"path":"/Users/Ritik/Development/Learning/Mental Wellness/src/lib/guards.ts","statementMap":{"0":{"start":{"line":6,"column":2},"end":{"line":6,"column":69}},"1":{"start":{"line":11,"column":2},"end":{"line":14,"column":4}},"2":{"start":{"line":18,"column":2},"end":{"line":18,"column":79}},"3":{"start":{"line":18,"column":53},"end":{"line":18,"column":77}},"4":{"start":{"line":23,"column":2},"end":{"line":23,"column":64}},"5":{"start":{"line":23,"column":51},"end":{"line":23,"column":64}},"6":{"start":{"line":24,"column":12},"end":{"line":24,"column":44}},"7":{"start":{"line":25,"column":2},"end":{"line":34,"column":4}},"8":{"start":{"line":39,"column":2},"end":{"line":39,"column":64}},"9":{"start":{"line":39,"column":51},"end":{"line":39,"column":64}},"10":{"start":{"line":40,"column":12},"end":{"line":40,"column":44}},"11":{"start":{"line":41,"column":2},"end":{"line":46,"column":4}}},"fnMap":{"0":{"name":"isRiskLevel","decl":{"start":{"line":5,"column":16},"end":{"line":5,"column":27}},"loc":{"start":{"line":5,"column":64},"end":{"line":7,"column":1}},"line":5},"1":{"name":"isExamType","decl":{"start":{"line":10,"column":16},"end":{"line":10,"column":26}},"loc":{"start":{"line":10,"column":62},"end":{"line":15,"column":1}},"line":10},"2":{"name":"isStringArray","decl":{"start":{"line":17,"column":9},"end":{"line":17,"column":22}},"loc":{"start":{"line":17,"column":58},"end":{"line":19,"column":1}},"line":17},"3":{"name":"(anonymous_3)","decl":{"start":{"line":18,"column":45},"end":{"line":18,"column":46}},"loc":{"start":{"line":18,"column":53},"end":{"line":18,"column":77}},"line":18},"4":{"name":"isAnalysisResult","decl":{"start":{"line":22,"column":16},"end":{"line":22,"column":32}},"loc":{"start":{"line":22,"column":74},"end":{"line":35,"column":1}},"line":22},"5":{"name":"isChatMessage","decl":{"start":{"line":38,"column":16},"end":{"line":38,"column":29}},"loc":{"start":{"line":38,"column":68},"end":{"line":47,"column":1}},"line":38}},"branchMap":{"0":{"loc":{"start":{"line":6,"column":9},"end":{"line":6,"column":68}},"type":"binary-expr","locations":[{"start":{"line":6,"column":9},"end":{"line":6,"column":24}},{"start":{"line":6,"column":28},"end":{"line":6,"column":48}},{"start":{"line":6,"column":52},"end":{"line":6,"column":68}}],"line":6},"1":{"loc":{"start":{"line":12,"column":4},"end":{"line":13,"column":53}},"type":"binary-expr","locations":[{"start":{"line":12,"column":4},"end":{"line":12,"column":29}},{"start":{"line":13,"column":4},"end":{"line":13,"column":53}}],"line":12},"2":{"loc":{"start":{"line":18,"column":9},"end":{"line":18,"column":78}},"type":"binary-expr","locations":[{"start":{"line":18,"column":9},"end":{"line":18,"column":29}},{"start":{"line":18,"column":33},"end":{"line":18,"column":78}}],"line":18},"3":{"loc":{"start":{"line":23,"column":2},"end":{"line":23,"column":64}},"type":"if","locations":[{"start":{"line":23,"column":2},"end":{"line":23,"column":64}},{"start":{},"end":{}}],"line":23},"4":{"loc":{"start":{"line":23,"column":6},"end":{"line":23,"column":49}},"type":"binary-expr","locations":[{"start":{"line":23,"column":6},"end":{"line":23,"column":31}},{"start":{"line":23,"column":35},"end":{"line":23,"column":49}}],"line":23},"5":{"loc":{"start":{"line":26,"column":4},"end":{"line":33,"column":36}},"type":"binary-expr","locations":[{"start":{"line":26,"column":4},"end":{"line":26,"column":33}},{"start":{"line":27,"column":4},"end":{"line":27,"column":41}},{"start":{"line":28,"column":4},"end":{"line":28,"column":28}},{"start":{"line":29,"column":4},"end":{"line":29,"column":35}},{"start":{"line":30,"column":4},"end":{"line":30,"column":29}},{"start":{"line":31,"column":4},"end":{"line":31,"column":37}},{"start":{"line":32,"column":4},"end":{"line":32,"column":45}},{"start":{"line":33,"column":4},"end":{"line":33,"column":36}}],"line":26},"6":{"loc":{"start":{"line":39,"column":2},"end":{"line":39,"column":64}},"type":"if","locations":[{"start":{"line":39,"column":2},"end":{"line":39,"column":64}},{"start":{},"end":{}}],"line":39},"7":{"loc":{"start":{"line":39,"column":6},"end":{"line":39,"column":49}},"type":"binary-expr","locations":[{"start":{"line":39,"column":6},"end":{"line":39,"column":31}},{"start":{"line":39,"column":35},"end":{"line":39,"column":49}}],"line":39},"8":{"loc":{"start":{"line":42,"column":4},"end":{"line":45,"column":35}},"type":"binary-expr","locations":[{"start":{"line":42,"column":4},"end":{"line":42,"column":28}},{"start":{"line":43,"column":5},"end":{"line":43,"column":24}},{"start":{"line":43,"column":28},"end":{"line":43,"column":48}},{"start":{"line":44,"column":4},"end":{"line":44,"column":30}},{"start":{"line":45,"column":4},"end":{"line":45,"column":35}}],"line":42}},"s":{"0":10,"1":9,"2":4,"3":7,"4":7,"5":2,"6":5,"7":5,"8":6,"9":1,"10":5,"11":5},"f":{"0":10,"1":9,"2":4,"3":7,"4":7,"5":6},"b":{"0":[10,9,6],"1":[9,7],"2":[4,4],"3":[2,5],"4":[7,6],"5":[5,4,3,2,1,1,1,1],"6":[1,5],"7":[6,6],"8":[5,4,3,2,2]},"_coverageSchema":"1a1c01bbd47fc00a2c39e90264f33305004495a9","hash":"5d26093e7e59de0c12f318abd496efd1745a212a"}
,"/Users/Ritik/Development/Learning/Mental Wellness/src/lib/http.ts": {"path":"/Users/Ritik/Development/Learning/Mental Wellness/src/lib/http.ts","statementMap":{"0":{"start":{"line":6,"column":44},"end":{"line":9,"column":1}},"1":{"start":{"line":13,"column":2},"end":{"line":13,"column":67}},"2":{"start":{"line":18,"column":2},"end":{"line":18,"column":50}},"3":{"start":{"line":26,"column":2},"end":{"line":26,"column":76}},"4":{"start":{"line":26,"column":45},"end":{"line":26,"column":76}},"5":{"start":{"line":27,"column":2},"end":{"line":27,"column":66}},"6":{"start":{"line":40,"column":2},"end":{"line":45,"column":3}},"7":{"start":{"line":41,"column":4},"end":{"line":44,"column":6}},"8":{"start":{"line":46,"column":15},"end":{"line":46,"column":35}},"9":{"start":{"line":47,"column":2},"end":{"line":49,"column":3}},"10":{"start":{"line":48,"column":4},"end":{"line":48,"column":76}},"11":{"start":{"line":50,"column":2},"end":{"line":54,"column":3}},"12":{"start":{"line":51,"column":4},"end":{"line":51,"column":48}},"13":{"start":{"line":53,"column":4},"end":{"line":53,"column":76}},"14":{"start":{"line":59,"column":2},"end":{"line":63,"column":4}}},"fnMap":{"0":{"name":"jsonResponse","decl":{"start":{"line":12,"column":16},"end":{"line":12,"column":28}},"loc":{"start":{"line":12,"column":74},"end":{"line":14,"column":1}},"line":12},"1":{"name":"errorResponse","decl":{"start":{"line":17,"column":16},"end":{"line":17,"column":29}},"loc":{"start":{"line":17,"column":77},"end":{"line":19,"column":1}},"line":17},"2":{"name":"safeErrorMessage","decl":{"start":{"line":25,"column":16},"end":{"line":25,"column":32}},"loc":{"start":{"line":25,"column":57},"end":{"line":28,"column":1}},"line":25},"3":{"name":"readJsonBody","decl":{"start":{"line":39,"column":22},"end":{"line":39,"column":34}},"loc":{"start":{"line":39,"column":75},"end":{"line":55,"column":1}},"line":39},"4":{"name":"clientKey","decl":{"start":{"line":58,"column":16},"end":{"line":58,"column":25}},"loc":{"start":{"line":58,"column":52},"end":{"line":64,"column":1}},"line":58}},"branchMap":{"0":{"loc":{"start":{"line":26,"column":2},"end":{"line":26,"column":76}},"type":"if","locations":[{"start":{"line":26,"column":2},"end":{"line":26,"column":76}},{"start":{},"end":{}}],"line":26},"1":{"loc":{"start":{"line":27,"column":9},"end":{"line":27,"column":65}},"type":"cond-expr","locations":[{"start":{"line":27,"column":34},"end":{"line":27,"column":47}},{"start":{"line":27,"column":50},"end":{"line":27,"column":65}}],"line":27},"2":{"loc":{"start":{"line":40,"column":2},"end":{"line":45,"column":3}},"type":"if","locations":[{"start":{"line":40,"column":2},"end":{"line":45,"column":3}},{"start":{},"end":{}}],"line":40},"3":{"loc":{"start":{"line":47,"column":2},"end":{"line":49,"column":3}},"type":"if","locations":[{"start":{"line":47,"column":2},"end":{"line":49,"column":3}},{"start":{},"end":{}}],"line":47},"4":{"loc":{"start":{"line":60,"column":4},"end":{"line":62,"column":13}},"type":"binary-expr","locations":[{"start":{"line":60,"column":4},"end":{"line":60,"column":42}},{"start":{"line":61,"column":4},"end":{"line":61,"column":31}},{"start":{"line":62,"column":4},"end":{"line":62,"column":13}}],"line":60}},"s":{"0":1,"1":0,"2":0,"3":4,"4":1,"5":3,"6":0,"7":0,"8":0,"9":0,"10":0,"11":0,"12":0,"13":0,"14":3},"f":{"0":0,"1":0,"2":4,"3":0,"4":3},"b":{"0":[1,3],"1":[1,2],"2":[0,0],"3":[0,0],"4":[3,2,1]},"_coverageSchema":"1a1c01bbd47fc00a2c39e90264f33305004495a9","hash":"1fed4a2ca25151ba66f7ceb2c8065796b3f845d3"}
,"/Users/Ritik/Development/Learning/Mental Wellness/src/lib/logger.ts": {"path":"/Users/Ritik/Development/Learning/Mental Wellness/src/lib/logger.ts","statementMap":{"0":{"start":{"line":7,"column":2},"end":{"line":9,"column":20}},"1":{"start":{"line":13,"column":2},"end":{"line":15,"column":20}}},"fnMap":{"0":{"name":"(anonymous_0)","decl":{"start":{"line":9,"column":6},"end":{"line":9,"column":7}},"loc":{"start":{"line":9,"column":18},"end":{"line":9,"column":20}},"line":9},"1":{"name":"(anonymous_1)","decl":{"start":{"line":15,"column":6},"end":{"line":15,"column":7}},"loc":{"start":{"line":15,"column":18},"end":{"line":15,"column":20}},"line":15}},"branchMap":{"0":{"loc":{"start":{"line":7,"column":2},"end":{"line":9,"column":20}},"type":"cond-expr","locations":[{"start":{"line":8,"column":6},"end":{"line":8,"column":31}},{"start":{"line":9,"column":6},"end":{"line":9,"column":20}}],"line":7},"1":{"loc":{"start":{"line":13,"column":2},"end":{"line":15,"column":20}},"type":"cond-expr","locations":[{"start":{"line":14,"column":6},"end":{"line":14,"column":33}},{"start":{"line":15,"column":6},"end":{"line":15,"column":20}}],"line":13}},"s":{"0":2,"1":2},"f":{"0":0,"1":4},"b":{"0":[0,2],"1":[0,2]},"_coverageSchema":"1a1c01bbd47fc00a2c39e90264f33305004495a9","hash":"109f3560c3c4d259cad38165e4411fc69abf33c6"}
,"/Users/Ritik/Development/Learning/Mental Wellness/src/lib/prompt.ts": {"path":"/Users/Ritik/Development/Learning/Mental Wellness/src/lib/prompt.ts","statementMap":{"0":{"start":{"line":19,"column":2},"end":{"line":19,"column":26}},"1":{"start":{"line":19,"column":16},"end":{"line":19,"column":26}},"2":{"start":{"line":21,"column":4},"end":{"line":26,"column":32}},"3":{"start":{"line":27,"column":2},"end":{"line":29,"column":57}},"4":{"start":{"line":46,"column":2},"end":{"line":59,"column":210}},"5":{"start":{"line":76,"column":18},"end":{"line":76,"column":67}},"6":{"start":{"line":77,"column":21},"end":{"line":85,"column":15}},"7":{"start":{"line":80,"column":8},"end":{"line":83,"column":11}},"8":{"start":{"line":87,"column":4},"end":{"line":89,"column":10}},"9":{"start":{"line":90,"column":2},"end":{"line":95,"column":54}}},"fnMap":{"0":{"name":"profileLine","decl":{"start":{"line":18,"column":9},"end":{"line":18,"column":20}},"loc":{"start":{"line":18,"column":66},"end":{"line":30,"column":1}},"line":18},"1":{"name":"buildAnalysisPrompt","decl":{"start":{"line":41,"column":16},"end":{"line":41,"column":35}},"loc":{"start":{"line":45,"column":10},"end":{"line":60,"column":1}},"line":45},"2":{"name":"buildChatPrompt","decl":{"start":{"line":71,"column":16},"end":{"line":71,"column":31}},"loc":{"start":{"line":75,"column":10},"end":{"line":96,"column":1}},"line":75},"3":{"name":"(anonymous_3)","decl":{"start":{"line":79,"column":6},"end":{"line":79,"column":7}},"loc":{"start":{"line":80,"column":8},"end":{"line":83,"column":11}},"line":80}},"branchMap":{"0":{"loc":{"start":{"line":19,"column":2},"end":{"line":19,"column":26}},"type":"if","locations":[{"start":{"line":19,"column":2},"end":{"line":19,"column":26}},{"start":{},"end":{}}],"line":19},"1":{"loc":{"start":{"line":21,"column":4},"end":{"line":26,"column":32}},"type":"cond-expr","locations":[{"start":{"line":22,"column":8},"end":{"line":22,"column":10}},{"start":{"line":23,"column":8},"end":{"line":26,"column":32}}],"line":21},"2":{"loc":{"start":{"line":76,"column":19},"end":{"line":76,"column":38}},"type":"binary-expr","locations":[{"start":{"line":76,"column":19},"end":{"line":76,"column":32}},{"start":{"line":76,"column":36},"end":{"line":76,"column":38}}],"line":76},"3":{"loc":{"start":{"line":80,"column":11},"end":{"line":80,"column":53}},"type":"cond-expr","locations":[{"start":{"line":80,"column":37},"end":{"line":80,"column":44}},{"start":{"line":80,"column":47},"end":{"line":80,"column":53}}],"line":80},"4":{"loc":{"start":{"line":87,"column":4},"end":{"line":89,"column":10}},"type":"cond-expr","locations":[{"start":{"line":88,"column":8},"end":{"line":88,"column":83}},{"start":{"line":89,"column":8},"end":{"line":89,"column":10}}],"line":87},"5":{"loc":{"start":{"line":94,"column":2},"end":{"line":94,"column":61}},"type":"cond-expr","locations":[{"start":{"line":94,"column":15},"end":{"line":94,"column":56}},{"start":{"line":94,"column":59},"end":{"line":94,"column":61}}],"line":94}},"s":{"0":2,"1":2,"2":0,"3":0,"4":1,"5":1,"6":1,"7":0,"8":1,"9":1},"f":{"0":2,"1":1,"2":1,"3":0},"b":{"0":[2,0],"1":[0,0],"2":[1,0],"3":[0,0],"4":[1,0],"5":[0,1]},"_coverageSchema":"1a1c01bbd47fc00a2c39e90264f33305004495a9","hash":"5d265c1a7d53307594236b3c18df4643cc432073"}
,"/Users/Ritik/Development/Learning/Mental Wellness/src/lib/ratelimit.ts": {"path":"/Users/Ritik/Development/Learning/Mental Wellness/src/lib/ratelimit.ts","statementMap":{"0":{"start":{"line":4,"column":14},"end":{"line":4,"column":43}},"1":{"start":{"line":16,"column":14},"end":{"line":16,"column":24}},"2":{"start":{"line":17,"column":17},"end":{"line":17,"column":31}},"3":{"start":{"line":19,"column":2},"end":{"line":22,"column":3}},"4":{"start":{"line":20,"column":4},"end":{"line":20,"column":56}},"5":{"start":{"line":21,"column":4},"end":{"line":21,"column":74}},"6":{"start":{"line":24,"column":2},"end":{"line":26,"column":3}},"7":{"start":{"line":25,"column":4},"end":{"line":25,"column":65}},"8":{"start":{"line":28,"column":2},"end":{"line":28,"column":20}},"9":{"start":{"line":29,"column":2},"end":{"line":29,"column":25}},"10":{"start":{"line":30,"column":2},"end":{"line":34,"column":4}}},"fnMap":{"0":{"name":"rateLimit","decl":{"start":{"line":15,"column":16},"end":{"line":15,"column":25}},"loc":{"start":{"line":15,"column":72},"end":{"line":35,"column":1}},"line":15}},"branchMap":{"0":{"loc":{"start":{"line":19,"column":2},"end":{"line":22,"column":3}},"type":"if","locations":[{"start":{"line":19,"column":2},"end":{"line":22,"column":3}},{"start":{},"end":{}}],"line":19},"1":{"loc":{"start":{"line":19,"column":6},"end":{"line":19,"column":35}},"type":"binary-expr","locations":[{"start":{"line":19,"column":6},"end":{"line":19,"column":13}},{"start":{"line":19,"column":17},"end":{"line":19,"column":35}}],"line":19},"2":{"loc":{"start":{"line":24,"column":2},"end":{"line":26,"column":3}},"type":"if","locations":[{"start":{"line":24,"column":2},"end":{"line":26,"column":3}},{"start":{},"end":{}}],"line":24}},"s":{"0":1,"1":9,"2":9,"3":9,"4":2,"5":2,"6":7,"7":4,"8":3,"9":3,"10":3},"f":{"0":9},"b":{"0":[2,7],"1":[9,7],"2":[4,3]},"_coverageSchema":"1a1c01bbd47fc00a2c39e90264f33305004495a9","hash":"f4c9a0f13e80a75cb8fd5fddc62209b87add4311"}
,"/Users/Ritik/Development/Learning/Mental Wellness/src/lib/sanitize.ts": {"path":"/Users/Ritik/Development/Learning/Mental Wellness/src/lib/sanitize.ts","statementMap":{"0":{"start":{"line":7,"column":51},"end":{"line":19,"column":1}},"1":{"start":{"line":31,"column":18},"end":{"line":31,"column":76}},"2":{"start":{"line":33,"column":2},"end":{"line":33,"column":69}},"3":{"start":{"line":35,"column":2},"end":{"line":37,"column":3}},"4":{"start":{"line":36,"column":4},"end":{"line":36,"column":47}},"5":{"start":{"line":39,"column":2},"end":{"line":39,"column":43}},"6":{"start":{"line":41,"column":2},"end":{"line":44,"column":22}}},"fnMap":{"0":{"name":"sanitize","decl":{"start":{"line":29,"column":16},"end":{"line":29,"column":24}},"loc":{"start":{"line":29,"column":77},"end":{"line":45,"column":1}},"line":29}},"branchMap":{"0":{"loc":{"start":{"line":29,"column":40},"end":{"line":29,"column":67}},"type":"default-arg","locations":[{"start":{"line":29,"column":49},"end":{"line":29,"column":67}}],"line":29}},"s":{"0":4,"1":7,"2":7,"3":7,"4":77,"5":7,"6":7},"f":{"0":7},"b":{"0":[5]},"_coverageSchema":"1a1c01bbd47fc00a2c39e90264f33305004495a9","hash":"5cb2708136a7cee9d3af758989ef39e18be88176"}
,"/Users/Ritik/Development/Learning/Mental Wellness/src/lib/schema.ts": {"path":"/Users/Ritik/Development/Learning/Mental Wellness/src/lib/schema.ts","statementMap":{"0":{"start":{"line":16,"column":23},"end":{"line":16,"column":77}},"1":{"start":{"line":19,"column":29},"end":{"line":24,"column":2}},"2":{"start":{"line":25,"column":19},"end":{"line":25,"column":63}},"3":{"start":{"line":26,"column":21},"end":{"line":26,"column":69}},"4":{"start":{"line":29,"column":34},"end":{"line":37,"column":2}},"5":{"start":{"line":40,"column":33},"end":{"line":45,"column":2}},"6":{"start":{"line":48,"column":32},"end":{"line":64,"column":2}},"7":{"start":{"line":67,"column":29},"end":{"line":80,"column":2}}},"fnMap":{},"branchMap":{},"s":{"0":2,"1":2,"2":2,"3":2,"4":2,"5":2,"6":2,"7":2},"f":{},"b":{},"_coverageSchema":"1a1c01bbd47fc00a2c39e90264f33305004495a9","hash":"f728520fe3483b8ce2ceeec582ad75072d6dcefb"}
,"/Users/Ritik/Development/Learning/Mental Wellness/src/lib/storage.ts": {"path":"/Users/Ritik/Development/Learning/Mental Wellness/src/lib/storage.ts","statementMap":{"0":{"start":{"line":4,"column":20},"end":{"line":4,"column":45}},"1":{"start":{"line":5,"column":20},"end":{"line":5,"column":45}},"2":{"start":{"line":8,"column":2},"end":{"line":8,"column":39}},"3":{"start":{"line":13,"column":2},"end":{"line":13,"column":30}},"4":{"start":{"line":13,"column":20},"end":{"line":13,"column":30}},"5":{"start":{"line":14,"column":14},"end":{"line":14,"column":54}},"6":{"start":{"line":15,"column":2},"end":{"line":15,"column":22}},"7":{"start":{"line":15,"column":12},"end":{"line":15,"column":22}},"8":{"start":{"line":16,"column":2},"end":{"line":21,"column":3}},"9":{"start":{"line":17,"column":28},"end":{"line":17,"column":43}},"10":{"start":{"line":18,"column":4},"end":{"line":18,"column":67}},"11":{"start":{"line":20,"column":4},"end":{"line":20,"column":14}},"12":{"start":{"line":29,"column":19},"end":{"line":29,"column":68}},"13":{"start":{"line":29,"column":47},"end":{"line":29,"column":67}},"14":{"start":{"line":30,"column":15},"end":{"line":30,"column":64}},"15":{"start":{"line":31,"column":2},"end":{"line":33,"column":3}},"16":{"start":{"line":32,"column":4},"end":{"line":32,"column":67}},"17":{"start":{"line":34,"column":2},"end":{"line":34,"column":14}},"18":{"start":{"line":39,"column":17},"end":{"line":39,"column":40}},"19":{"start":{"line":40,"column":2},"end":{"line":43,"column":5}},"20":{"start":{"line":41,"column":17},"end":{"line":41,"column":47}},"21":{"start":{"line":42,"column":4},"end":{"line":42,"column":49}},"22":{"start":{"line":48,"column":2},"end":{"line":48,"column":27}},"23":{"start":{"line":48,"column":20},"end":{"line":48,"column":27}},"24":{"start":{"line":49,"column":2},"end":{"line":49,"column":46}},"25":{"start":{"line":57,"column":15},"end":{"line":59,"column":3}},"26":{"start":{"line":58,"column":30},"end":{"line":58,"column":65}},"27":{"start":{"line":60,"column":15},"end":{"line":60,"column":16}},"28":{"start":{"line":61,"column":2},"end":{"line":65,"column":3}},"29":{"start":{"line":61,"column":15},"end":{"line":61,"column":16}},"30":{"start":{"line":62,"column":16},"end":{"line":62,"column":61}},"31":{"start":{"line":63,"column":4},"end":{"line":64,"column":15}},"32":{"start":{"line":63,"column":23},"end":{"line":63,"column":35}},"33":{"start":{"line":64,"column":9},"end":{"line":64,"column":15}},"34":{"start":{"line":66,"column":2},"end":{"line":66,"column":16}},"35":{"start":{"line":71,"column":2},"end":{"line":71,"column":32}},"36":{"start":{"line":71,"column":20},"end":{"line":71,"column":32}},"37":{"start":{"line":72,"column":14},"end":{"line":72,"column":54}},"38":{"start":{"line":73,"column":2},"end":{"line":73,"column":24}},"39":{"start":{"line":73,"column":12},"end":{"line":73,"column":24}},"40":{"start":{"line":74,"column":2},"end":{"line":78,"column":3}},"41":{"start":{"line":75,"column":4},"end":{"line":75,"column":42}},"42":{"start":{"line":77,"column":4},"end":{"line":77,"column":16}},"43":{"start":{"line":83,"column":2},"end":{"line":83,"column":27}},"44":{"start":{"line":83,"column":20},"end":{"line":83,"column":27}},"45":{"start":{"line":84,"column":2},"end":{"line":84,"column":68}}},"fnMap":{"0":{"name":"hasWindow","decl":{"start":{"line":7,"column":9},"end":{"line":7,"column":18}},"loc":{"start":{"line":7,"column":30},"end":{"line":9,"column":1}},"line":7},"1":{"name":"getEntries","decl":{"start":{"line":12,"column":16},"end":{"line":12,"column":26}},"loc":{"start":{"line":12,"column":45},"end":{"line":22,"column":1}},"line":12},"2":{"name":"saveEntry","decl":{"start":{"line":28,"column":16},"end":{"line":28,"column":25}},"loc":{"start":{"line":28,"column":63},"end":{"line":35,"column":1}},"line":28},"3":{"name":"(anonymous_3)","decl":{"start":{"line":29,"column":39},"end":{"line":29,"column":40}},"loc":{"start":{"line":29,"column":47},"end":{"line":29,"column":67}},"line":29},"4":{"name":"getRecentEntries","decl":{"start":{"line":38,"column":16},"end":{"line":38,"column":32}},"loc":{"start":{"line":38,"column":76},"end":{"line":44,"column":1}},"line":38},"5":{"name":"(anonymous_5)","decl":{"start":{"line":40,"column":29},"end":{"line":40,"column":30}},"loc":{"start":{"line":40,"column":38},"end":{"line":43,"column":3}},"line":40},"6":{"name":"clearEntries","decl":{"start":{"line":47,"column":16},"end":{"line":47,"column":28}},"loc":{"start":{"line":47,"column":37},"end":{"line":50,"column":1}},"line":47},"7":{"name":"getStreak","decl":{"start":{"line":56,"column":16},"end":{"line":56,"column":25}},"loc":{"start":{"line":56,"column":47},"end":{"line":67,"column":1}},"line":56},"8":{"name":"(anonymous_8)","decl":{"start":{"line":58,"column":21},"end":{"line":58,"column":22}},"loc":{"start":{"line":58,"column":30},"end":{"line":58,"column":65}},"line":58},"9":{"name":"getProfile","decl":{"start":{"line":70,"column":16},"end":{"line":70,"column":26}},"loc":{"start":{"line":70,"column":49},"end":{"line":79,"column":1}},"line":70},"10":{"name":"saveProfile","decl":{"start":{"line":82,"column":16},"end":{"line":82,"column":27}},"loc":{"start":{"line":82,"column":56},"end":{"line":85,"column":1}},"line":82}},"branchMap":{"0":{"loc":{"start":{"line":13,"column":2},"end":{"line":13,"column":30}},"type":"if","locations":[{"start":{"line":13,"column":2},"end":{"line":13,"column":30}},{"start":{},"end":{}}],"line":13},"1":{"loc":{"start":{"line":15,"column":2},"end":{"line":15,"column":22}},"type":"if","locations":[{"start":{"line":15,"column":2},"end":{"line":15,"column":22}},{"start":{},"end":{}}],"line":15},"2":{"loc":{"start":{"line":18,"column":11},"end":{"line":18,"column":66}},"type":"cond-expr","locations":[{"start":{"line":18,"column":36},"end":{"line":18,"column":60}},{"start":{"line":18,"column":64},"end":{"line":18,"column":66}}],"line":18},"3":{"loc":{"start":{"line":31,"column":2},"end":{"line":33,"column":3}},"type":"if","locations":[{"start":{"line":31,"column":2},"end":{"line":33,"column":3}},{"start":{},"end":{}}],"line":31},"4":{"loc":{"start":{"line":42,"column":11},"end":{"line":42,"column":48}},"type":"binary-expr","locations":[{"start":{"line":42,"column":11},"end":{"line":42,"column":30}},{"start":{"line":42,"column":34},"end":{"line":42,"column":48}}],"line":42},"5":{"loc":{"start":{"line":48,"column":2},"end":{"line":48,"column":27}},"type":"if","locations":[{"start":{"line":48,"column":2},"end":{"line":48,"column":27}},{"start":{},"end":{}}],"line":48},"6":{"loc":{"start":{"line":63,"column":4},"end":{"line":64,"column":15}},"type":"if","locations":[{"start":{"line":63,"column":4},"end":{"line":64,"column":15}},{"start":{"line":64,"column":9},"end":{"line":64,"column":15}}],"line":63},"7":{"loc":{"start":{"line":71,"column":2},"end":{"line":71,"column":32}},"type":"if","locations":[{"start":{"line":71,"column":2},"end":{"line":71,"column":32}},{"start":{},"end":{}}],"line":71},"8":{"loc":{"start":{"line":73,"column":2},"end":{"line":73,"column":24}},"type":"if","locations":[{"start":{"line":73,"column":2},"end":{"line":73,"column":24}},{"start":{},"end":{}}],"line":73},"9":{"loc":{"start":{"line":83,"column":2},"end":{"line":83,"column":27}},"type":"if","locations":[{"start":{"line":83,"column":2},"end":{"line":83,"column":27}},{"start":{},"end":{}}],"line":83}},"s":{"0":2,"1":2,"2":36,"3":20,"4":0,"5":20,"6":20,"7":9,"8":11,"9":11,"10":10,"11":1,"12":11,"13":4,"14":11,"15":11,"16":11,"17":11,"18":2,"19":2,"20":3,"21":3,"22":1,"23":0,"24":1,"25":1,"26":2,"27":1,"28":1,"29":1,"30":3,"31":3,"32":2,"33":1,"34":1,"35":3,"36":0,"37":3,"38":3,"39":1,"40":2,"41":2,"42":1,"43":1,"44":0,"45":1},"f":{"0":36,"1":20,"2":11,"3":4,"4":2,"5":3,"6":1,"7":1,"8":2,"9":3,"10":1},"b":{"0":[0,20],"1":[9,11],"2":[10,0],"3":[11,0],"4":[3,2],"5":[0,1],"6":[2,1],"7":[0,3],"8":[1,2],"9":[0,1]},"_coverageSchema":"1a1c01bbd47fc00a2c39e90264f33305004495a9","hash":"595f6b1a88baf4a08038af4f513b9fc65a438085"}
,"/Users/Ritik/Development/Learning/Mental Wellness/src/lib/types.ts": {"path":"/Users/Ritik/Development/Learning/Mental Wellness/src/lib/types.ts","statementMap":{},"fnMap":{},"branchMap":{},"s":{},"f":{},"b":{}}
,"/Users/Ritik/Development/Learning/Mental Wellness/src/lib/utils.ts": {"path":"/Users/Ritik/Development/Learning/Mental Wellness/src/lib/utils.ts","statementMap":{"0":{"start":{"line":21,"column":2},"end":{"line":21,"column":45}},"1":{"start":{"line":31,"column":15},"end":{"line":31,"column":28}},"2":{"start":{"line":32,"column":2},"end":{"line":32,"column":47}},"3":{"start":{"line":32,"column":36},"end":{"line":32,"column":47}},"4":{"start":{"line":33,"column":2},"end":{"line":37,"column":5}},"5":{"start":{"line":48,"column":17},"end":{"line":48,"column":44}},"6":{"start":{"line":49,"column":2},"end":{"line":49,"column":37}},"7":{"start":{"line":49,"column":28},"end":{"line":49,"column":37}},"8":{"start":{"line":50,"column":2},"end":{"line":50,"column":61}},"9":{"start":{"line":61,"column":15},"end":{"line":63,"column":3}},"10":{"start":{"line":62,"column":25},"end":{"line":62,"column":60}},"11":{"start":{"line":64,"column":15},"end":{"line":64,"column":16}},"12":{"start":{"line":65,"column":2},"end":{"line":69,"column":3}},"13":{"start":{"line":65,"column":15},"end":{"line":65,"column":16}},"14":{"start":{"line":66,"column":16},"end":{"line":66,"column":61}},"15":{"start":{"line":67,"column":4},"end":{"line":67,"column":30}},"16":{"start":{"line":67,"column":24},"end":{"line":67,"column":30}},"17":{"start":{"line":68,"column":4},"end":{"line":68,"column":16}},"18":{"start":{"line":70,"column":2},"end":{"line":70,"column":16}},"19":{"start":{"line":82,"column":4},"end":{"line":82,"column":72}},"20":{"start":{"line":84,"column":4},"end":{"line":85,"column":27}},"21":{"start":{"line":86,"column":16},"end":{"line":86,"column":77}},"22":{"start":{"line":87,"column":2},"end":{"line":87,"column":56}},"23":{"start":{"line":96,"column":44},"end":{"line":100,"column":3}},"24":{"start":{"line":101,"column":2},"end":{"line":101,"column":23}},"25":{"start":{"line":110,"column":44},"end":{"line":114,"column":3}},"26":{"start":{"line":115,"column":2},"end":{"line":115,"column":23}},"27":{"start":{"line":124,"column":17},"end":{"line":124,"column":56}},"28":{"start":{"line":125,"column":16},"end":{"line":125,"column":63}},"29":{"start":{"line":126,"column":2},"end":{"line":126,"column":31}}},"fnMap":{"0":{"name":"clamp","decl":{"start":{"line":20,"column":16},"end":{"line":20,"column":21}},"loc":{"start":{"line":20,"column":71},"end":{"line":22,"column":1}},"line":20},"1":{"name":"formatDate","decl":{"start":{"line":30,"column":16},"end":{"line":30,"column":26}},"loc":{"start":{"line":30,"column":48},"end":{"line":38,"column":1}},"line":30},"2":{"name":"daysUntil","decl":{"start":{"line":47,"column":16},"end":{"line":47,"column":25}},"loc":{"start":{"line":47,"column":64},"end":{"line":51,"column":1}},"line":47},"3":{"name":"calcStreak","decl":{"start":{"line":60,"column":16},"end":{"line":60,"column":26}},"loc":{"start":{"line":60,"column":73},"end":{"line":71,"column":1}},"line":60},"4":{"name":"(anonymous_4)","decl":{"start":{"line":62,"column":16},"end":{"line":62,"column":17}},"loc":{"start":{"line":62,"column":25},"end":{"line":62,"column":60}},"line":62},"5":{"name":"calcWeightedScore","decl":{"start":{"line":80,"column":16},"end":{"line":80,"column":33}},"loc":{"start":{"line":80,"column":72},"end":{"line":88,"column":1}},"line":80},"6":{"name":"getRiskColor","decl":{"start":{"line":95,"column":16},"end":{"line":95,"column":28}},"loc":{"start":{"line":95,"column":55},"end":{"line":102,"column":1}},"line":95},"7":{"name":"getRiskLabel","decl":{"start":{"line":109,"column":16},"end":{"line":109,"column":28}},"loc":{"start":{"line":109,"column":55},"end":{"line":116,"column":1}},"line":109},"8":{"name":"getMoodEmoji","decl":{"start":{"line":123,"column":16},"end":{"line":123,"column":28}},"loc":{"start":{"line":123,"column":51},"end":{"line":127,"column":1}},"line":123}},"branchMap":{"0":{"loc":{"start":{"line":32,"column":2},"end":{"line":32,"column":47}},"type":"if","locations":[{"start":{"line":32,"column":2},"end":{"line":32,"column":47}},{"start":{},"end":{}}],"line":32},"1":{"loc":{"start":{"line":49,"column":2},"end":{"line":49,"column":37}},"type":"if","locations":[{"start":{"line":49,"column":2},"end":{"line":49,"column":37}},{"start":{},"end":{}}],"line":49},"2":{"loc":{"start":{"line":67,"column":4},"end":{"line":67,"column":30}},"type":"if","locations":[{"start":{"line":67,"column":4},"end":{"line":67,"column":30}},{"start":{},"end":{}}],"line":67},"3":{"loc":{"start":{"line":126,"column":9},"end":{"line":126,"column":30}},"type":"binary-expr","locations":[{"start":{"line":126,"column":9},"end":{"line":126,"column":22}},{"start":{"line":126,"column":26},"end":{"line":126,"column":30}}],"line":126}},"s":{"0":20,"1":6,"2":6,"3":1,"4":5,"5":3,"6":3,"7":1,"8":2,"9":3,"10":4,"11":3,"12":3,"13":3,"14":6,"15":6,"16":3,"17":3,"18":3,"19":4,"20":4,"21":4,"22":4,"23":4,"24":4,"25":4,"26":4,"27":5,"28":5,"29":5},"f":{"0":20,"1":6,"2":3,"3":3,"4":4,"5":4,"6":4,"7":4,"8":5},"b":{"0":[1,5],"1":[1,2],"2":[3,3],"3":[5,0]},"_coverageSchema":"1a1c01bbd47fc00a2c39e90264f33305004495a9","hash":"3070a7064aa4ac2cc68067d2ba6adda4cd1a6acb"}
}
