TN:
SF:src/components/AnalysisResult.tsx
FN:9,AnalysisResult
FN:90,(anonymous_1)
FN:100,(anonymous_2)
FN:112,(anonymous_3)
FNF:4
FNH:4
FNDA:2,AnalysisResult
FNDA:1,(anonymous_1)
FNDA:1,(anonymous_2)
FNDA:1,(anonymous_3)
DA:10,2
DA:11,1
DA:34,1
DA:91,1
DA:101,1
DA:113,1
LF:6
LH:6
BRDA:10,0,0,1
BRDA:10,0,1,1
BRDA:66,1,0,1
BRDA:66,1,1,0
BRF:4
BRH:3
end_of_record
TN:
SF:src/components/CompanionChat.tsx
FN:15,CompanionChat
FN:22,(anonymous_1)
FN:28,(anonymous_2)
FN:39,(anonymous_3)
FN:46,(anonymous_4)
FN:62,(anonymous_5)
FN:72,(anonymous_6)
FN:81,(anonymous_7)
FN:88,(anonymous_8)
FN:106,(anonymous_9)
FN:107,(anonymous_10)
FN:120,(anonymous_11)
FN:163,(anonymous_12)
FNF:13
FNH:0
FNDA:0,CompanionChat
FNDA:0,(anonymous_1)
FNDA:0,(anonymous_2)
FNDA:0,(anonymous_3)
FNDA:0,(anonymous_4)
FNDA:0,(anonymous_5)
FNDA:0,(anonymous_6)
FNDA:0,(anonymous_7)
FNDA:0,(anonymous_8)
FNDA:0,(anonymous_9)
FNDA:0,(anonymous_10)
FNDA:0,(anonymous_11)
FNDA:0,(anonymous_12)
DA:16,0
DA:17,0
DA:18,0
DA:19,0
DA:20,0
DA:22,0
DA:23,0
DA:24,0
DA:27,0
DA:29,0
DA:35,0
DA:36,0
DA:38,0
DA:40,0
DA:45,0
DA:47,0
DA:48,0
DA:49,0
DA:51,0
DA:52,0
DA:53,0
DA:54,0
DA:56,0
DA:62,0
DA:63,0
DA:65,0
DA:66,0
DA:72,0
DA:80,0
DA:81,0
DA:82,0
DA:84,0
DA:87,0
DA:88,0
DA:98,0
DA:99,0
DA:100,0
DA:102,0
DA:103,0
DA:104,0
DA:105,0
DA:106,0
DA:107,0
DA:111,0
DA:113,0
DA:119,0
DA:121,0
DA:122,0
DA:123,0
DA:124,0
DA:131,0
DA:164,0
DA:165,0
LF:53
LH:0
BRDA:24,0,0,0
BRDA:24,0,1,0
BRDA:35,1,0,0
BRDA:35,1,1,0
BRDA:36,2,0,0
BRDA:36,2,1,0
BRDA:52,3,0,0
BRDA:52,3,1,0
BRDA:71,4,0,0
BRDA:71,4,1,0
BRDA:80,5,0,0
BRDA:80,5,1,0
BRDA:82,6,0,0
BRDA:82,6,1,0
BRDA:84,7,0,0
BRDA:84,7,1,0
BRDA:104,8,0,0
BRDA:104,8,1,0
BRDA:107,9,0,0
BRDA:107,9,1,0
BRDA:111,10,0,0
BRDA:111,10,1,0
BRDA:121,11,0,0
BRDA:121,11,1,0
BRDA:121,12,0,0
BRDA:121,12,1,0
BRDA:123,13,0,0
BRDA:123,13,1,0
BRDA:158,14,0,0
BRDA:158,14,1,0
BRDA:168,15,0,0
BRDA:168,15,1,0
BRDA:172,16,0,0
BRDA:172,16,1,0
BRDA:178,17,0,0
BRDA:178,17,1,0
BRDA:180,18,0,0
BRDA:180,18,1,0
BRDA:182,19,0,0
BRDA:182,19,1,0
BRDA:182,20,0,0
BRDA:182,20,1,0
BRDA:194,21,0,0
BRDA:194,21,1,0
BRDA:230,22,0,0
BRDA:230,22,1,0
BRDA:234,23,0,0
BRDA:234,23,1,0
BRF:48
BRH:0
end_of_record
TN:
SF:src/components/CopingStrategies.tsx
FN:53,CopingStrategies
FN:54,(anonymous_1)
FN:61,(anonymous_2)
FN:62,(anonymous_3)
FN:77,(anonymous_4)
FN:84,(anonymous_5)
FNF:6
FNH:0
FNDA:0,CopingStrategies
FNDA:0,(anonymous_1)
FNDA:0,(anonymous_2)
FNDA:0,(anonymous_3)
FNDA:0,(anonymous_4)
FNDA:0,(anonymous_5)
DA:5,0
DA:54,0
DA:56,0
DA:61,0
DA:62,0
DA:63,0
DA:66,0
DA:78,0
DA:85,0
LF:9
LH:0
BRDA:56,0,0,0
BRDA:56,0,1,0
BRDA:58,1,0,0
BRDA:58,1,1,0
BRDA:63,2,0,0
BRDA:63,2,1,0
BRF:6
BRH:0
end_of_record
TN:
SF:src/components/ErrorBoundary.tsx
FN:27,(anonymous_0)
FN:31,(anonymous_1)
FN:35,(anonymous_2)
FN:39,(anonymous_3)
FNF:4
FNH:3
FNDA:6,(anonymous_0)
FNDA:3,(anonymous_1)
FNDA:0,(anonymous_2)
FNDA:13,(anonymous_3)
DA:25,7
DA:28,6
DA:32,3
DA:35,7
DA:36,0
DA:40,13
DA:41,6
DA:42,4
DA:60,7
LF:9
LH:8
BRDA:40,0,0,6
BRDA:40,0,1,7
BRDA:41,1,0,2
BRDA:41,1,1,4
BRF:4
BRH:4
end_of_record
TN:
SF:src/components/Header.tsx
FN:18,Header
FNF:1
FNH:0
FNDA:0,Header
DA:19,0
LF:1
LH:0
BRDA:30,0,0,0
BRDA:30,0,1,0
BRDA:63,1,0,0
BRDA:63,1,1,0
BRF:4
BRH:0
end_of_record
TN:
SF:src/components/JournalForm.tsx
FN:34,JournalForm
FN:51,(anonymous_1)
FN:55,(anonymous_2)
FN:56,(anonymous_3)
FN:71,(anonymous_4)
FN:75,(anonymous_5)
FN:79,(anonymous_6)
FN:84,(anonymous_7)
FN:84,(anonymous_8)
FN:91,(anonymous_9)
FN:95,(anonymous_10)
FN:100,(anonymous_11)
FN:105,(anonymous_12)
FN:199,(anonymous_13)
FN:232,(anonymous_14)
FNF:15
FNH:11
FNDA:4,JournalForm
FNDA:3,(anonymous_1)
FNDA:2,(anonymous_2)
FNDA:14,(anonymous_3)
FNDA:2,(anonymous_4)
FNDA:2,(anonymous_5)
FNDA:2,(anonymous_6)
FNDA:2,(anonymous_7)
FNDA:2,(anonymous_8)
FNDA:1,(anonymous_9)
FNDA:1,(anonymous_10)
FNDA:0,(anonymous_11)
FNDA:0,(anonymous_12)
FNDA:0,(anonymous_13)
FNDA:0,(anonymous_14)
DA:16,1
DA:17,1
DA:41,4
DA:42,4
DA:43,4
DA:44,4
DA:45,4
DA:46,4
DA:47,4
DA:48,4
DA:50,4
DA:51,3
DA:54,4
DA:56,2
DA:57,14
DA:58,14
DA:70,4
DA:71,2
DA:74,4
DA:75,2
DA:79,4
DA:80,2
DA:83,4
DA:84,2
DA:85,2
DA:90,4
DA:92,1
DA:93,1
DA:94,1
DA:95,1
DA:100,4
DA:101,0
DA:104,4
DA:106,0
DA:107,0
DA:108,0
DA:109,0
DA:111,0
DA:112,0
DA:126,0
DA:127,0
DA:128,0
DA:131,0
DA:132,0
DA:133,0
DA:135,0
DA:145,0
DA:146,0
DA:147,0
DA:148,0
DA:150,0
DA:151,0
DA:153,0
DA:168,4
DA:199,0
DA:232,0
LF:56
LH:33
BRDA:51,0,0,3
BRDA:51,0,1,3
BRDA:60,1,0,14
BRDA:60,1,1,14
BRDA:64,2,0,14
BRDA:64,2,1,14
BRDA:65,3,0,14
BRDA:65,3,1,14
BRDA:85,4,0,1
BRDA:85,4,1,1
BRDA:94,5,0,0
BRDA:94,5,1,1
BRDA:126,6,0,0
BRDA:126,6,1,0
BRDA:128,7,0,0
BRDA:128,7,1,0
BRDA:150,8,0,0
BRDA:150,8,1,0
BRDA:258,9,0,0
BRDA:258,9,1,4
BRDA:265,10,0,0
BRDA:265,10,1,4
BRDA:280,11,0,0
BRDA:280,11,1,4
BRF:24
BRH:14
end_of_record
TN:
SF:src/components/MoodSelector.tsx
FN:25,MoodSelector
FN:27,(anonymous_1)
FN:49,(anonymous_2)
FN:59,(anonymous_3)
FN:60,(anonymous_4)
FNF:5
FNH:3
FNDA:3,MoodSelector
FNDA:0,(anonymous_1)
FNDA:15,(anonymous_2)
FNDA:1,(anonymous_3)
FNDA:0,(anonymous_4)
DA:11,2
DA:26,3
DA:28,0
DA:29,0
DA:30,0
DA:31,0
DA:33,0
DA:34,0
DA:35,0
DA:36,0
DA:42,3
DA:50,15
DA:51,15
DA:59,1
DA:60,0
LF:15
LH:6
BRDA:28,0,0,0
BRDA:28,0,1,0
BRDA:28,1,0,0
BRDA:28,1,1,0
BRDA:31,2,0,0
BRDA:31,2,1,0
BRDA:33,3,0,0
BRDA:33,3,1,0
BRDA:33,4,0,0
BRDA:33,4,1,0
BRDA:36,5,0,0
BRDA:36,5,1,0
BRDA:46,6,0,2
BRDA:46,6,1,1
BRDA:58,7,0,3
BRDA:58,7,1,12
BRDA:58,8,0,15
BRDA:58,8,1,12
BRDA:58,8,2,0
BRDA:62,9,0,3
BRDA:62,9,1,12
BRF:21
BRH:8
end_of_record
TN:
SF:src/components/Onboarding.tsx
FN:20,Onboarding
FN:33,(anonymous_1)
FN:35,(anonymous_2)
FN:48,(anonymous_3)
FN:48,(anonymous_4)
FN:50,(anonymous_5)
FN:82,(anonymous_6)
FN:95,(anonymous_7)
FN:98,(anonymous_8)
FN:111,(anonymous_9)
FN:124,(anonymous_10)
FN:138,(anonymous_11)
FNF:12
FNH:0
FNDA:0,Onboarding
FNDA:0,(anonymous_1)
FNDA:0,(anonymous_2)
FNDA:0,(anonymous_3)
FNDA:0,(anonymous_4)
FNDA:0,(anonymous_5)
FNDA:0,(anonymous_6)
FNDA:0,(anonymous_7)
FNDA:0,(anonymous_8)
FNDA:0,(anonymous_9)
FNDA:0,(anonymous_10)
FNDA:0,(anonymous_11)
DA:9,0
DA:10,0
DA:21,0
DA:22,0
DA:23,0
DA:24,0
DA:25,0
DA:26,0
DA:29,0
DA:33,0
DA:34,0
DA:35,0
DA:36,0
DA:38,0
DA:44,0
DA:45,0
DA:48,0
DA:50,0
DA:51,0
DA:54,0
DA:82,0
DA:95,0
DA:99,0
DA:111,0
DA:125,0
DA:138,0
LF:26
LH:0
BRDA:29,0,0,0
BRDA:29,0,1,0
BRDA:29,0,2,0
BRDA:29,0,3,0
BRDA:29,0,4,0
BRDA:34,1,0,0
BRDA:34,1,1,0
BRDA:74,2,0,0
BRDA:74,2,1,0
BRDA:89,3,0,0
BRDA:89,3,1,0
BRDA:118,4,0,0
BRDA:118,4,1,0
BRDA:128,5,0,0
BRDA:128,5,1,0
BRDA:163,6,0,0
BRDA:163,6,1,0
BRF:17
BRH:0
end_of_record
TN:
SF:src/components/PatternChart.tsx
FN:10,toPolyline
FN:13,(anonymous_1)
FN:24,PatternChart
FN:26,(anonymous_3)
FN:30,(anonymous_4)
FN:31,(anonymous_5)
FN:32,(anonymous_6)
FN:33,(anonymous_7)
FN:68,(anonymous_8)
FN:151,(anonymous_9)
FNF:10
FNH:10
FNDA:4,toPolyline
FNDA:4,(anonymous_1)
FNDA:2,PatternChart
FNDA:2,(anonymous_3)
FNDA:2,(anonymous_4)
FNDA:2,(anonymous_5)
FNDA:2,(anonymous_6)
FNDA:2,(anonymous_7)
FNDA:3,(anonymous_8)
FNDA:2,(anonymous_9)
DA:7,1
DA:8,1
DA:11,4
DA:12,2
DA:15,4
DA:18,4
DA:19,4
DA:26,2
DA:27,2
DA:28,2
DA:30,2
DA:31,2
DA:32,2
DA:33,2
DA:37,2
DA:69,3
DA:152,2
LF:17
LH:17
BRDA:11,0,0,2
BRDA:11,0,1,2
BRDA:15,1,0,0
BRDA:15,1,1,4
BRDA:46,2,0,1
BRDA:46,2,1,1
BRDA:112,3,0,1
BRDA:112,3,1,0
BRDA:119,4,0,1
BRDA:119,4,1,0
BRDA:128,5,0,1
BRDA:128,5,1,0
BRDA:135,6,0,1
BRDA:135,6,1,0
BRF:14
BRH:9
end_of_record
TN:
SF:src/components/ui/Badge.tsx
FN:9,Badge
FNF:1
FNH:1
FNDA:5,Badge
DA:3,2
DA:11,5
DA:13,5
LF:3
LH:3
BRDA:11,0,0,5
BRDA:11,0,1,1
BRF:2
BRH:2
end_of_record
TN:
SF:src/components/ui/Card.tsx
FN:1,Card
FNF:1
FNH:1
FNDA:2,Card
DA:2,2
LF:1
LH:1
BRF:0
BRH:0
end_of_record
TN:
SF:src/components/ui/LoadingDots.tsx
FN:3,LoadingDots
FNF:1
FNH:0
FNDA:0,LoadingDots
DA:4,0
LF:1
LH:0
BRF:0
BRH:0
end_of_record
TN:
SF:src/components/ui/ProgressBar.tsx
FN:16,ProgressBar
FNF:1
FNH:0
FNDA:0,ProgressBar
DA:22,0
DA:23,0
DA:24,0
DA:25,0
LF:4
LH:0
BRDA:18,0,0,0
BRDA:20,1,0,0
BRDA:22,2,0,0
BRDA:22,2,1,0
BRF:4
BRH:0
end_of_record
TN:
SF:src/lib/constants.ts
FNF:0
FNH:0
DA:4,12
DA:8,12
DA:11,12
DA:14,12
DA:24,12
DA:25,12
DA:28,12
DA:29,12
DA:32,12
DA:33,12
DA:36,12
DA:37,12
DA:40,12
DA:43,12
DA:46,12
DA:49,12
DA:52,12
DA:55,12
DA:58,12
DA:61,12
DA:62,12
DA:63,12
DA:66,12
DA:69,12
DA:72,12
DA:75,12
DA:76,12
DA:79,12
DA:80,12
LF:29
LH:29
BRF:0
BRH:0
end_of_record
TN:
SF:src/lib/copy.ts
FNF:0
FNH:0
DA:5,2
LF:1
LH:1
BRF:0
BRH:0
end_of_record
TN:
SF:src/lib/gemini.ts
FN:10,(anonymous_0)
FN:17,getApiKey
FN:24,toGeminiError
FN:39,endpoint
FN:49,extractText
FN:51,(anonymous_5)
FN:55,callGemini
FN:80,analyzeWithGemini
FN:103,sseToTextStream
FN:110,(anonymous_9)
FN:122,(anonymous_10)
FN:130,(anonymous_11)
FN:138,streamGemini
FNF:13
FNH:6
FNDA:0,(anonymous_0)
FNDA:0,getApiKey
FNDA:0,toGeminiError
FNDA:0,endpoint
FNDA:3,extractText
FNDA:3,(anonymous_5)
FNDA:0,callGemini
FNDA:0,analyzeWithGemini
FNDA:3,sseToTextStream
FNDA:5,(anonymous_9)
FNDA:7,(anonymous_10)
FNDA:3,(anonymous_11)
FNDA:0,streamGemini
DA:11,0
DA:12,0
DA:13,0
DA:18,0
DA:19,0
DA:20,0
DA:25,0
DA:26,0
DA:27,0
DA:28,0
DA:32,0
DA:33,0
DA:36,0
DA:40,0
DA:41,0
DA:50,3
DA:51,3
DA:59,0
DA:73,0
DA:74,0
DA:77,0
DA:83,0
DA:86,0
DA:88,0
DA:89,0
DA:91,0
DA:93,0
DA:94,0
DA:96,0
DA:106,3
DA:107,3
DA:108,3
DA:110,3
DA:111,5
DA:112,5
DA:113,4
DA:114,4
DA:115,3
DA:121,3
DA:123,7
DA:124,7
DA:125,7
DA:126,7
DA:127,12
DA:131,3
DA:135,3
DA:139,0
DA:155,0
DA:156,0
DA:159,0
LF:50
LH:19
BRDA:19,0,0,0
BRDA:19,0,1,0
BRDA:26,1,0,0
BRDA:26,1,1,0
BRDA:28,2,0,0
BRDA:28,2,1,0
BRDA:32,3,0,0
BRDA:32,3,1,0
BRDA:41,4,0,0
BRDA:41,4,1,0
BRDA:51,5,0,3
BRDA:51,5,1,0
BRDA:51,6,0,3
BRDA:51,6,1,0
BRDA:57,7,0,0
BRDA:67,8,0,0
BRDA:67,8,1,0
BRDA:73,9,0,0
BRDA:73,9,1,0
BRDA:93,10,0,0
BRDA:93,10,1,0
BRDA:112,11,0,1
BRDA:112,11,1,4
BRDA:112,12,0,5
BRDA:112,12,1,5
BRDA:115,13,0,3
BRDA:115,13,1,0
BRDA:125,14,0,7
BRDA:125,14,1,0
BRDA:127,15,0,5
BRDA:127,15,1,7
BRDA:131,16,0,0
BRDA:131,16,1,3
BRDA:155,17,0,0
BRDA:155,17,1,0
BRDA:155,18,0,0
BRDA:155,18,1,0
BRF:37
BRH:11
end_of_record
TN:
SF:src/lib/guards.ts
FN:5,isRiskLevel
FN:10,isExamType
FN:17,isStringArray
FN:18,(anonymous_3)
FN:22,isAnalysisResult
FN:38,isChatMessage
FNF:6
FNH:6
FNDA:10,isRiskLevel
FNDA:9,isExamType
FNDA:4,isStringArray
FNDA:7,(anonymous_3)
FNDA:7,isAnalysisResult
FNDA:6,isChatMessage
DA:6,10
DA:11,9
DA:18,7
DA:23,7
DA:24,5
DA:25,5
DA:39,6
DA:40,5
DA:41,5
LF:9
LH:9
BRDA:6,0,0,10
BRDA:6,0,1,9
BRDA:6,0,2,6
BRDA:12,1,0,9
BRDA:12,1,1,7
BRDA:18,2,0,4
BRDA:18,2,1,4
BRDA:23,3,0,2
BRDA:23,3,1,5
BRDA:23,4,0,7
BRDA:23,4,1,6
BRDA:26,5,0,5
BRDA:26,5,1,4
BRDA:26,5,2,3
BRDA:26,5,3,2
BRDA:26,5,4,1
BRDA:26,5,5,1
BRDA:26,5,6,1
BRDA:26,5,7,1
BRDA:39,6,0,1
BRDA:39,6,1,5
BRDA:39,7,0,6
BRDA:39,7,1,6
BRDA:42,8,0,5
BRDA:42,8,1,4
BRDA:42,8,2,3
BRDA:42,8,3,2
BRDA:42,8,4,2
BRF:28
BRH:28
end_of_record
TN:
SF:src/lib/http.ts
FN:12,jsonResponse
FN:17,errorResponse
FN:25,safeErrorMessage
FN:39,readJsonBody
FN:58,clientKey
FNF:5
FNH:2
FNDA:0,jsonResponse
FNDA:0,errorResponse
FNDA:4,safeErrorMessage
FNDA:0,readJsonBody
FNDA:3,clientKey
DA:6,1
DA:13,0
DA:18,0
DA:26,4
DA:27,3
DA:40,0
DA:41,0
DA:46,0
DA:47,0
DA:48,0
DA:50,0
DA:51,0
DA:53,0
DA:59,3
LF:14
LH:4
BRDA:26,0,0,1
BRDA:26,0,1,3
BRDA:27,1,0,1
BRDA:27,1,1,2
BRDA:40,2,0,0
BRDA:40,2,1,0
BRDA:47,3,0,0
BRDA:47,3,1,0
BRDA:60,4,0,3
BRDA:60,4,1,2
BRDA:60,4,2,1
BRF:11
BRH:7
end_of_record
TN:
SF:src/lib/logger.ts
FN:9,(anonymous_0)
FN:15,(anonymous_1)
FNF:2
FNH:1
FNDA:0,(anonymous_0)
FNDA:4,(anonymous_1)
DA:7,2
DA:13,2
LF:2
LH:2
BRDA:7,0,0,0
BRDA:7,0,1,2
BRDA:13,1,0,0
BRDA:13,1,1,2
BRF:4
BRH:2
end_of_record
TN:
SF:src/lib/prompt.ts
FN:18,profileLine
FN:41,buildAnalysisPrompt
FN:71,buildChatPrompt
FN:79,(anonymous_3)
FNF:4
FNH:3
FNDA:2,profileLine
FNDA:1,buildAnalysisPrompt
FNDA:1,buildChatPrompt
FNDA:0,(anonymous_3)
DA:19,2
DA:21,0
DA:27,0
DA:46,1
DA:76,1
DA:77,1
DA:80,0
DA:87,1
DA:90,1
LF:9
LH:6
BRDA:19,0,0,2
BRDA:19,0,1,0
BRDA:21,1,0,0
BRDA:21,1,1,0
BRDA:76,2,0,1
BRDA:76,2,1,0
BRDA:80,3,0,0
BRDA:80,3,1,0
BRDA:87,4,0,1
BRDA:87,4,1,0
BRDA:94,5,0,0
BRDA:94,5,1,1
BRF:12
BRH:4
end_of_record
TN:
SF:src/lib/ratelimit.ts
FN:15,rateLimit
FNF:1
FNH:1
FNDA:9,rateLimit
DA:4,1
DA:16,9
DA:17,9
DA:19,9
DA:20,2
DA:21,2
DA:24,7
DA:25,4
DA:28,3
DA:29,3
DA:30,3
LF:11
LH:11
BRDA:19,0,0,2
BRDA:19,0,1,7
BRDA:19,1,0,9
BRDA:19,1,1,7
BRDA:24,2,0,4
BRDA:24,2,1,3
BRF:6
BRH:6
end_of_record
TN:
SF:src/lib/sanitize.ts
FN:29,sanitize
FNF:1
FNH:1
FNDA:7,sanitize
DA:7,4
DA:31,7
DA:33,7
DA:35,7
DA:36,77
DA:39,7
DA:41,7
LF:7
LH:7
BRDA:29,0,0,5
BRF:1
BRH:1
end_of_record
TN:
SF:src/lib/schema.ts
FNF:0
FNH:0
DA:16,2
DA:19,2
DA:25,2
DA:26,2
DA:29,2
DA:40,2
DA:48,2
DA:67,2
LF:8
LH:8
BRF:0
BRH:0
end_of_record
TN:
SF:src/lib/storage.ts
FN:7,hasWindow
FN:12,getEntries
FN:28,saveEntry
FN:29,(anonymous_3)
FN:38,getRecentEntries
FN:40,(anonymous_5)
FN:47,clearEntries
FN:56,getStreak
FN:58,(anonymous_8)
FN:70,getProfile
FN:82,saveProfile
FNF:11
FNH:11
FNDA:36,hasWindow
FNDA:20,getEntries
FNDA:11,saveEntry
FNDA:4,(anonymous_3)
FNDA:2,getRecentEntries
FNDA:3,(anonymous_5)
FNDA:1,clearEntries
FNDA:1,getStreak
FNDA:2,(anonymous_8)
FNDA:3,getProfile
FNDA:1,saveProfile
DA:4,2
DA:5,2
DA:8,36
DA:13,20
DA:14,20
DA:15,20
DA:16,11
DA:17,11
DA:18,10
DA:20,1
DA:29,11
DA:30,11
DA:31,11
DA:32,11
DA:34,11
DA:39,2
DA:40,2
DA:41,3
DA:42,3
DA:48,1
DA:49,1
DA:57,1
DA:58,2
DA:60,1
DA:61,1
DA:62,3
DA:63,3
DA:64,1
DA:66,1
DA:71,3
DA:72,3
DA:73,3
DA:74,2
DA:75,2
DA:77,1
DA:83,1
DA:84,1
LF:37
LH:37
BRDA:13,0,0,0
BRDA:13,0,1,20
BRDA:15,1,0,9
BRDA:15,1,1,11
BRDA:18,2,0,10
BRDA:18,2,1,0
BRDA:31,3,0,11
BRDA:31,3,1,0
BRDA:42,4,0,3
BRDA:42,4,1,2
BRDA:48,5,0,0
BRDA:48,5,1,1
BRDA:63,6,0,2
BRDA:63,6,1,1
BRDA:71,7,0,0
BRDA:71,7,1,3
BRDA:73,8,0,1
BRDA:73,8,1,2
BRDA:83,9,0,0
BRDA:83,9,1,1
BRF:20
BRH:14
end_of_record
TN:
SF:src/lib/types.ts
FNF:0
FNH:0
LF:0
LH:0
BRF:0
BRH:0
end_of_record
TN:
SF:src/lib/utils.ts
FN:20,clamp
FN:30,formatDate
FN:47,daysUntil
FN:60,calcStreak
FN:62,(anonymous_4)
FN:80,calcWeightedScore
FN:95,getRiskColor
FN:109,getRiskLabel
FN:123,getMoodEmoji
FNF:9
FNH:9
FNDA:20,clamp
FNDA:6,formatDate
FNDA:3,daysUntil
FNDA:3,calcStreak
FNDA:4,(anonymous_4)
FNDA:4,calcWeightedScore
FNDA:4,getRiskColor
FNDA:4,getRiskLabel
FNDA:5,getMoodEmoji
DA:21,20
DA:31,6
DA:32,6
DA:33,5
DA:48,3
DA:49,3
DA:50,2
DA:61,3
DA:62,4
DA:64,3
DA:65,3
DA:66,6
DA:67,6
DA:68,3
DA:70,3
DA:82,4
DA:84,4
DA:86,4
DA:87,4
DA:96,4
DA:101,4
DA:110,4
DA:115,4
DA:124,5
DA:125,5
DA:126,5
LF:26
LH:26
BRDA:32,0,0,1
BRDA:32,0,1,5
BRDA:49,1,0,1
BRDA:49,1,1,2
BRDA:67,2,0,3
BRDA:67,2,1,3
BRDA:126,3,0,5
BRDA:126,3,1,0
BRF:8
BRH:7
end_of_record
